[0;36m=== Hartonomous Build Script ===[0m

[0;36mChecking dependencies...[0m
[0;32mâœ“ CMake found: 3.22.1[0m
[0;32mâœ“ GCC found: 11.4.0[0m
[0;32mâœ“ Intel OneAPI already initialized[0m

[0;36mChecking submodules...[0m
[0;32mâœ“ /home/ahart/Projects/Hartonomous/Engine/external/blake3[0m
[0;32mâœ“ /home/ahart/Projects/Hartonomous/Engine/external/eigen[0m
[0;32mâœ“ /home/ahart/Projects/Hartonomous/Engine/external/hilbert[0m
[0;32mâœ“ /home/ahart/Projects/Hartonomous/Engine/external/hnswlib[0m
[0;32mâœ“ /home/ahart/Projects/Hartonomous/Engine/external/json[0m
[0;32mâœ“ /home/ahart/Projects/Hartonomous/Engine/external/spectra[0m

[0;36mCleaning build directory...[0m
[0;32mâœ“ Cleaned /home/ahart/Projects/Hartonomous/build/linux-release-max-perf[0m
[0;36mCleaning .NET artifacts...[0m
[0;32mâœ“ Cleaned .NET artifacts[0m

[0;36mConfiguring build (preset: linux-release-max-perf)...[0m
Preset CMake variables:

  CMAKE_BUILD_TYPE="Release"
  CMAKE_EXPORT_COMPILE_COMMANDS="ON"
  HARTONOMOUS_ENABLE_FAST_MATH="ON"
  HARTONOMOUS_ENABLE_NATIVE_ARCH="ON"
  HARTONOMOUS_HNSW_SIMD="AUTO"
  HARTONOMOUS_MKL_INTERFACE="LP64"
  HARTONOMOUS_MKL_THREADING="SEQUENTIAL"

-- The C compiler identification is GNU 11.4.0
-- The CXX compiler identification is GNU 11.4.0
-- Detecting C compiler ABI info
-- Detecting C compiler ABI info - done
-- Check for working C compiler: /usr/bin/cc - skipped
-- Detecting C compile features
-- Detecting C compile features - done
-- Detecting CXX compiler ABI info
-- Detecting CXX compiler ABI info - done
-- Check for working CXX compiler: /usr/bin/c++ - skipped
-- Detecting CXX compile features
-- Detecting CXX compile features - done
-- 
-- ========== Hartonomous Build Configuration ==========
--   C++ Standard:        C++20
--   Build Type:          Release
--   Native Arch:         ON
--   Fast Math:           ON
--   MKL Threading:       SEQUENTIAL
--   MKL Interface:       LP64
--   HNSW SIMD:           AUTO
--   IPO/LTO:             ON
-- ======================================================
-- 
-- MKL: Using LP64 interface (32-bit integers)
-- MKL: Using sequential (single-threaded) mode
-- MKL: Configuration complete (LP64, SEQUENTIAL)
-- Eigen: MKL-accelerated with BLAS/LAPACK/VML backend + SIMD vectorization
-- HNSWLib: AUTO SIMD â†’ -march=native
-- HNSWLib: Header-only ANN library configured
-- BLAKE3: Runtime SIMD dispatch enabled (SSE2/SSE4.1/AVX2/AVX512)
-- nlohmann/json: Header-only JSON library configured
-- Found PkgConfig: /usr/bin/pkg-config (found version "0.29.2") 
-- Checking for module 'liblwgeom'
--   No package 'liblwgeom' found
-- Checking for module 'geos'
--   Found geos, version 3.10.2
-- Checking for module 'proj'
--   Found proj, version 8.2.1
-- PostGIS: Found at /home/ahart/Projects/Hartonomous/Engine/external/postgis
-- PostgreSQL Configured: Client & Server targets ready.
-- Tree-sitter: Found at /home/ahart/Projects/Hartonomous/Engine/external/tree-sitter
-- Found OpenMP_C: -fopenmp (found version "4.5") 
-- Found OpenMP_CXX: -fopenmp (found version "4.5") 
-- Found OpenMP: TRUE (found version "4.5")  
-- Found PostgreSQL: /usr/lib/x86_64-linux-gnu/libpq.so (found version "18.1")  
-- Google Test found, using for unit tests
-- PostgreSQL Found: /usr/bin/pg_config
-- PostgreSQL Found: /usr/bin/pg_config
-- Configuring done
-- Generating done
-- Build files have been written to: /home/ahart/Projects/Hartonomous/build/linux-release-max-perf
[0;32mâœ“ Configuration complete[0m

[0;36mBuilding all C++ targets...[0m
[1/83] Building C object CMakeFiles/blake3_impl.dir/Engine/external/blake3/c/blake3_portable.c.o
[2/83] Building C object CMakeFiles/blake3_impl.dir/Engine/external/blake3/c/blake3.c.o
[3/83] Building C object CMakeFiles/blake3_impl.dir/Engine/external/blake3/c/blake3_dispatch.c.o
[4/83] Building C object CMakeFiles/blake3_impl.dir/Engine/external/blake3/c/blake3_avx2.c.o
[5/83] Building C object CMakeFiles/blake3_impl.dir/Engine/external/blake3/c/blake3_sse41.c.o
[6/83] Building C object CMakeFiles/blake3_impl.dir/Engine/external/blake3/c/blake3_sse2.c.o
[7/83] Building C object CMakeFiles/blake3_impl.dir/Engine/external/blake3/c/blake3_avx512.c.o
[8/83] Linking C static library libblake3_impl.a
[9/83] Building CXX object Engine/CMakeFiles/engine_core.dir/src/geometry/s3_bbox.cpp.o
[10/83] Building CXX object Engine/CMakeFiles/engine_core.dir/src/geometry/s3_distance.cpp.o
[11/83] Building CXX object Engine/CMakeFiles/engine_core.dir/src/hashing/blake3_pipeline.cpp.o
[12/83] Building CXX object Engine/CMakeFiles/engine_io.dir/src/cognitive/godel_engine.cpp.o
[13/83] Building CXX object Engine/CMakeFiles/engine_io.dir/src/cognitive/ooda_loop.cpp.o
/home/ahart/Projects/Hartonomous/Engine/src/cognitive/ooda_loop.cpp: In member function â€˜void Hartonomous::OODALoop::observe(const string&, const string&, int)â€™:
/home/ahart/Projects/Hartonomous/Engine/src/cognitive/ooda_loop.cpp:14:10: warning: variable â€˜query_hashâ€™ set but not used [-Wunused-but-set-variable]
   14 |     auto query_hash = BLAKE3Pipeline::hash(query);
      |          ^~~~~~~~~~
/home/ahart/Projects/Hartonomous/Engine/src/cognitive/ooda_loop.cpp:15:10: warning: variable â€˜result_hashâ€™ set but not used [-Wunused-but-set-variable]
   15 |     auto result_hash = BLAKE3Pipeline::hash(result);
      |          ^~~~~~~~~~~
/home/ahart/Projects/Hartonomous/Engine/src/cognitive/ooda_loop.cpp:13:81: warning: unused parameter â€˜ratingâ€™ [-Wunused-parameter]
   13 | void OODALoop::observe(const std::string& query, const std::string& result, int rating) {
      |                                                                             ~~~~^~~~~~
[14/83] Building CXX object Engine/CMakeFiles/engine_core.dir/src/ml/s3_hnsw.cpp.o
[15/83] Building CXX object Engine/CMakeFiles/engine_io.dir/src/database/bulk_copy.cpp.o
[16/83] Building CXX object Engine/CMakeFiles/engine_io.dir/src/database/postgres_connection.cpp.o
[17/83] Building CXX object Engine/CMakeFiles/engine_core.dir/src/geometry/super_fibonacci.cpp.o
[18/83] Building CXX object Engine/CMakeFiles/engine_core.dir/src/ml/model_extraction.cpp.o
[19/83] Building CXX object Engine/CMakeFiles/engine_io.dir/src/ingestion/ngram_extractor.cpp.o
[20/83] Building CXX object Engine/CMakeFiles/engine_io.dir/src/ingestion/model_package_loader.cpp.o
[21/83] Building CXX object Engine/CMakeFiles/engine_core.dir/src/geometry/s3_centroid.cpp.o
[22/83] Building CXX object Engine/CMakeFiles/engine_io.dir/src/ingestion/safetensor_ingester.cpp.o
[23/83] Building CXX object Engine/CMakeFiles/engine_io.dir/src/cognitive/walk_engine.cpp.o
[24/83] Building CXX object Engine/CMakeFiles/engine_io.dir/src/query/ai_ops.cpp.o
[25/83] Linking CXX shared library Engine/libengine_core.so
lto-wrapper: warning: using serial compilation of 3 LTRANS jobs
[26/83] Building CXX object Engine/CMakeFiles/engine_io.dir/src/query/semantic_query.cpp.o
[27/83] Building CXX object Engine/CMakeFiles/engine_io.dir/src/ingestion/text_ingester.cpp.o
[28/83] Building CXX object Engine/CMakeFiles/engine_io.dir/src/storage/atom_store.cpp.o
[29/83] Building CXX object Engine/CMakeFiles/engine_io.dir/src/storage/composition_store.cpp.o
[30/83] Building CXX object Engine/CMakeFiles/engine_io.dir/src/storage/content_store.cpp.o
[31/83] Building CXX object Engine/CMakeFiles/engine_io.dir/src/storage/relation_evidence_store.cpp.o
[32/83] Building CXX object Engine/CMakeFiles/engine_io.dir/src/storage/atom_lookup.cpp.o
[33/83] Building CXX object Engine/CMakeFiles/engine_io.dir/src/storage/relation_store.cpp.o
[34/83] Building CXX object Engine/CMakeFiles/engine_io.dir/src/ingestion/model_ingester.cpp.o
[35/83] Building CXX object Engine/CMakeFiles/engine_io.dir/src/storage/physicality_store.cpp.o
[36/83] Building CXX object Engine/CMakeFiles/engine_io.dir/src/interop_api.cpp.o
[37/83] Building CXX object Engine/CMakeFiles/engine_io.dir/src/ingestion/safetensor_loader.cpp.o
[38/83] Building CXX object Engine/CMakeFiles/engine_io.dir/src/unicode/ingestor/node_generator.cpp.o
[39/83] Building CXX object Engine/CMakeFiles/engine_io.dir/src/unicode/ingestor/semantic_sequencer.cpp.o
[40/83] Building CXX object Engine/CMakeFiles/engine_io.dir/src/unicode/ingestor/ucd_parser.cpp.o
[41/83] Building CXX object Engine/tools/CMakeFiles/seed_unicode.dir/seed_unicode.cpp.o
[42/83] Building CXX object Engine/tests/CMakeFiles/suite_test_hashing.dir/suite/test_hashing.cpp.o
[43/83] Building CXX object Engine/tools/CMakeFiles/ingest_text.dir/ingest_text.cpp.o
[44/83] Building CXX object Engine/tests/CMakeFiles/suite_test_geometry_core.dir/suite/test_geometry_core.cpp.o
[45/83] Building CXX object Engine/CMakeFiles/engine_io.dir/src/unicode/ingestor/ucd_processor.cpp.o
[46/83] Building CXX object Engine/tests/CMakeFiles/suite_test_projections.dir/suite/test_projections.cpp.o
[47/83] Building CXX object Engine/tools/CMakeFiles/walk_test.dir/walk_test.cpp.o
[48/83] Building CXX object Engine/tests/CMakeFiles/suite_test_spatial_index.dir/suite/test_spatial_index.cpp.o
[49/83] Building CXX object Engine/tools/CMakeFiles/ingest_model.dir/ingest_model.cpp.o
[50/83] Flattening modular SQL for s3 extension
[51/83] Building CXX object Engine/tests/CMakeFiles/suite_test_database_marshal.dir/suite/test_database_marshal.cpp.o
[52/83] Building CXX object PostgresExtension/s3/CMakeFiles/s3.dir/src/pg/s3_pg_gist.cpp.o
[53/83] Building CXX object PostgresExtension/s3/CMakeFiles/s3.dir/src/pg/s3_pg_geom.cpp.o
[54/83] Flattening modular SQL for hartonomous extension
[55/83] Building C object PostgresExtension/hartonomous/CMakeFiles/hartonomous.dir/src/hartonomous_shim.c.o
[56/83] Building C object PostgresExtension/hartonomous/CMakeFiles/hartonomous.dir/src/uint128_ops.c.o
[57/83] Building C object PostgresExtension/hartonomous/CMakeFiles/hartonomous.dir/src/uint64_ops.c.o
[58/83] Building CXX object Engine/tests/CMakeFiles/suite_test_interop_functionality.dir/suite/test_interop_functionality.cpp.o
[59/83] Building CXX object PostgresExtension/s3/CMakeFiles/s3.dir/src/pg/s3_pg_shim.cpp.o
[60/83] Linking CXX shared module PostgresExtension/s3/s3.so
[61/83] Building CXX object UCDIngestor/CMakeFiles/ucd_ingestor.dir/src/main.cpp.o
[62/83] Building CXX object UCDIngestor/CMakeFiles/ucd_ingestor.dir/src/PgConnection.cpp.o
[63/83] Building CXX object UCDIngestor/CMakeFiles/ucd_ingestor.dir/src/UcdXmlReader.cpp.o
[64/83] Building CXX object UCDIngestor/CMakeFiles/ucd_ingestor.dir/src/parsers/AllKeysParser.cpp.o
[65/83] Building CXX object UCDIngestor/CMakeFiles/ucd_ingestor.dir/src/parsers/ConfusablesParser.cpp.o
[66/83] Building CXX object Engine/tests/CMakeFiles/suite_test_end_to_end_pipeline.dir/suite/test_end_to_end_pipeline.cpp.o
[67/83] Building CXX object UCDIngestor/CMakeFiles/ucd_ingestor.dir/src/UcdIngestor.cpp.o
[68/83] Building CXX object Engine/tests/CMakeFiles/example_unicode_projection.dir/example_unicode_projection.cpp.o
[69/83] Linking CXX executable UCDIngestor/ucd_ingestor
lto-wrapper: warning: using serial compilation of 2 LTRANS jobs
[70/83] Linking CXX shared library Engine/libengine_io.so
lto-wrapper: warning: using serial compilation of 16 LTRANS jobs
[71/83] Linking CXX executable Engine/tests/suite_test_geometry_core
[72/83] Linking CXX executable Engine/tests/suite_test_hashing
[73/83] Linking CXX executable Engine/tests/suite_test_projections
[74/83] Linking CXX executable Engine/tests/suite_test_database_marshal
[75/83] Linking CXX executable Engine/tests/suite_test_spatial_index
[76/83] Linking CXX executable Engine/tools/ingest_model
lto-wrapper: warning: using serial compilation of 2 LTRANS jobs
[77/83] Linking CXX executable Engine/tools/ingest_text
lto-wrapper: warning: using serial compilation of 2 LTRANS jobs
[78/83] Linking CXX executable Engine/tools/seed_unicode
lto-wrapper: warning: using serial compilation of 2 LTRANS jobs
[79/83] Linking CXX executable Engine/tools/walk_test
lto-wrapper: warning: using serial compilation of 2 LTRANS jobs
[80/83] Linking C shared module PostgresExtension/hartonomous/hartonomous.so
lto-wrapper: warning: using serial compilation of 2 LTRANS jobs
[81/83] Linking CXX executable Engine/tests/suite_test_interop_functionality
lto-wrapper: warning: using serial compilation of 3 LTRANS jobs
[82/83] Linking CXX executable Engine/tests/example_unicode_projection
lto-wrapper: warning: using serial compilation of 3 LTRANS jobs
[83/83] Linking CXX executable Engine/tests/suite_test_end_to_end_pipeline
lto-wrapper: warning: using serial compilation of 4 LTRANS jobs
[0;32mâœ“ C++ Build complete[0m

[0;36mBuilding .NET Solution...[0m
[0;36mRestoring dependencies...[0m
  Determining projects to restore...
  Restored /home/ahart/Projects/Hartonomous/app-layer/Hartonomous.Shared/Hartonomous.Shared.csproj (in 137 ms).
  Restored /home/ahart/Projects/Hartonomous/app-layer/Hartonomous.Core/Hartonomous.Core.csproj (in 137 ms).
  Restored /home/ahart/Projects/Hartonomous/app-layer/Hartonomous.Common/Hartonomous.Common.csproj (in 137 ms).
  Restored /home/ahart/Projects/Hartonomous/app-layer/Hartonomous.Marshal/Hartonomous.Marshal.csproj (in 137 ms).
  Restored /home/ahart/Projects/Hartonomous/app-layer/Hartonomous.ServiceDefaults/Hartonomous.ServiceDefaults.csproj (in 979 ms).
  Restored /home/ahart/Projects/Hartonomous/app-layer/Hartonomous.Data/Hartonomous.Data.csproj (in 979 ms).
  Restored /home/ahart/Projects/Hartonomous/app-layer/Hartonomous.API/Hartonomous.API.csproj (in 997 ms).
  Restored /home/ahart/Projects/Hartonomous/app-layer/Hartonomous.AppHost/Hartonomous.AppHost.csproj (in 1000 ms).
[0;32mâœ“ Restore complete[0m
[0;36mBuilding (Release)...[0m
  Hartonomous.Shared -> /home/ahart/Projects/Hartonomous/app-layer/Hartonomous.Shared/bin/Release/net10.0/Hartonomous.Shared.dll
  Hartonomous.Common -> /home/ahart/Projects/Hartonomous/app-layer/Hartonomous.Common/bin/Release/net10.0/Hartonomous.Common.dll
  Copying native library libengine.so from /home/ahart/Projects/Hartonomous/app-layer/build/linux-release-max-perf/Engine to bin/Release/net10.0/
/home/ahart/Projects/Hartonomous/app-layer/Directory.Build.targets(17,5): warning : Native library libengine.so not found in /home/ahart/Projects/Hartonomous/app-layer/build/linux-release-max-perf/Engine. Ensure C++ engine is built. [/home/ahart/Projects/Hartonomous/app-layer/Hartonomous.Shared/Hartonomous.Shared.csproj]
  Copying native library libengine.so from /home/ahart/Projects/Hartonomous/app-layer/build/linux-release-max-perf/Engine to bin/Release/net10.0/
/home/ahart/Projects/Hartonomous/app-layer/Directory.Build.targets(17,5): warning : Native library libengine.so not found in /home/ahart/Projects/Hartonomous/app-layer/build/linux-release-max-perf/Engine. Ensure C++ engine is built. [/home/ahart/Projects/Hartonomous/app-layer/Hartonomous.Common/Hartonomous.Common.csproj]
  Hartonomous.Core -> /home/ahart/Projects/Hartonomous/app-layer/Hartonomous.Core/bin/Release/net10.0/Hartonomous.Core.dll
  Copying native library libengine.so from /home/ahart/Projects/Hartonomous/app-layer/build/linux-release-max-perf/Engine to bin/Release/net10.0/
/home/ahart/Projects/Hartonomous/app-layer/Directory.Build.targets(17,5): warning : Native library libengine.so not found in /home/ahart/Projects/Hartonomous/app-layer/build/linux-release-max-perf/Engine. Ensure C++ engine is built. [/home/ahart/Projects/Hartonomous/app-layer/Hartonomous.Core/Hartonomous.Core.csproj]
  Hartonomous.ServiceDefaults -> /home/ahart/Projects/Hartonomous/app-layer/Hartonomous.ServiceDefaults/bin/Release/net10.0/Hartonomous.ServiceDefaults.dll
  Copying native library libengine.so from /home/ahart/Projects/Hartonomous/app-layer/build/linux-release-max-perf/Engine to bin/Release/net10.0/
/home/ahart/Projects/Hartonomous/app-layer/Directory.Build.targets(17,5): warning : Native library libengine.so not found in /home/ahart/Projects/Hartonomous/app-layer/build/linux-release-max-perf/Engine. Ensure C++ engine is built. [/home/ahart/Projects/Hartonomous/app-layer/Hartonomous.ServiceDefaults/Hartonomous.ServiceDefaults.csproj]
  Hartonomous.Data -> /home/ahart/Projects/Hartonomous/app-layer/Hartonomous.Data/bin/Release/net10.0/Hartonomous.Data.dll
  Copying native library libengine.so from /home/ahart/Projects/Hartonomous/app-layer/build/linux-release-max-perf/Engine to bin/Release/net10.0/
/home/ahart/Projects/Hartonomous/app-layer/Directory.Build.targets(17,5): warning : Native library libengine.so not found in /home/ahart/Projects/Hartonomous/app-layer/build/linux-release-max-perf/Engine. Ensure C++ engine is built. [/home/ahart/Projects/Hartonomous/app-layer/Hartonomous.Data/Hartonomous.Data.csproj]
/usr/lib/dotnet/sdk/10.0.102/Microsoft.Common.CurrentVersion.targets(5381,5): error MSB3030: Could not copy the file "/home/ahart/Projects/Hartonomous/build/linux-release-max-perf/Engine/libengine.so" because it was not found. [/home/ahart/Projects/Hartonomous/app-layer/Hartonomous.Marshal/Hartonomous.Marshal.csproj]

Build FAILED.

/home/ahart/Projects/Hartonomous/app-layer/Directory.Build.targets(17,5): warning : Native library libengine.so not found in /home/ahart/Projects/Hartonomous/app-layer/build/linux-release-max-perf/Engine. Ensure C++ engine is built. [/home/ahart/Projects/Hartonomous/app-layer/Hartonomous.Shared/Hartonomous.Shared.csproj]
/home/ahart/Projects/Hartonomous/app-layer/Directory.Build.targets(17,5): warning : Native library libengine.so not found in /home/ahart/Projects/Hartonomous/app-layer/build/linux-release-max-perf/Engine. Ensure C++ engine is built. [/home/ahart/Projects/Hartonomous/app-layer/Hartonomous.Common/Hartonomous.Common.csproj]
/home/ahart/Projects/Hartonomous/app-layer/Directory.Build.targets(17,5): warning : Native library libengine.so not found in /home/ahart/Projects/Hartonomous/app-layer/build/linux-release-max-perf/Engine. Ensure C++ engine is built. [/home/ahart/Projects/Hartonomous/app-layer/Hartonomous.Core/Hartonomous.Core.csproj]
/home/ahart/Projects/Hartonomous/app-layer/Directory.Build.targets(17,5): warning : Native library libengine.so not found in /home/ahart/Projects/Hartonomous/app-layer/build/linux-release-max-perf/Engine. Ensure C++ engine is built. [/home/ahart/Projects/Hartonomous/app-layer/Hartonomous.ServiceDefaults/Hartonomous.ServiceDefaults.csproj]
/home/ahart/Projects/Hartonomous/app-layer/Directory.Build.targets(17,5): warning : Native library libengine.so not found in /home/ahart/Projects/Hartonomous/app-layer/build/linux-release-max-perf/Engine. Ensure C++ engine is built. [/home/ahart/Projects/Hartonomous/app-layer/Hartonomous.Data/Hartonomous.Data.csproj]
/usr/lib/dotnet/sdk/10.0.102/Microsoft.Common.CurrentVersion.targets(5381,5): error MSB3030: Could not copy the file "/home/ahart/Projects/Hartonomous/build/linux-release-max-perf/Engine/libengine.so" because it was not found. [/home/ahart/Projects/Hartonomous/app-layer/Hartonomous.Marshal/Hartonomous.Marshal.csproj]
    5 Warning(s)
    1 Error(s)

Time Elapsed 00:00:01.02
[0;31mâœ— .NET Build failed[0m
