============================= test session starts =============================
platform win32 -- Python 3.14.0, pytest-9.0.1, pluggy-1.6.0 -- C:\Python314\python.exe
cachedir: .pytest_cache
rootdir: D:\Repositories\Hartonomous
configfile: pytest.ini
plugins: anyio-4.11.0, asyncio-1.3.0, cov-7.0.0
asyncio: mode=Mode.AUTO, debug=False, asyncio_default_fixture_loop_scope=None, asyncio_default_test_loop_scope=function
collecting ... collected 64 items

tests/integration/test_code_parser.py::TestCodeParser::test_detect_language PASSED [  1%]
tests/integration/test_code_parser.py::TestCodeParser::test_parse_python_file ERROR [  3%]
tests/integration/test_end_to_end.py::TestCompleteWorkflows::test_text_atomization_to_query_workflow ERROR [  4%]
tests/integration/test_end_to_end.py::TestCompleteWorkflows::test_model_weight_deduplication_workflow ERROR [  6%]
tests/integration/test_end_to_end.py::TestCompleteWorkflows::test_image_to_atoms_workflow ERROR [  7%]
tests/integration/test_gguf_atomizer.py::TestGGUFAtomizer::test_atomizer_initialization PASSED [  9%]
tests/integration/test_gguf_atomizer.py::TestGGUFAtomizer::test_sample_weight_generation PASSED [ 10%]
tests/integration/test_gguf_atomizer.py::TestGGUFAtomizer::test_atomize_sample_model ERROR [ 12%]
tests/integration/test_gguf_atomizer.py::TestGGUFAtomizer::test_weight_deduplication ERROR [ 14%]
tests/integration/test_image_parser.py::TestImageParser::test_parse_simple_image ERROR [ 15%]
tests/integration/test_image_parser.py::TestImageParser::test_image_composition ERROR [ 17%]
tests/integration/test_image_parser.py::TestImageParser::test_grayscale_image SKIPPED [ 18%]
tests/integration/test_model_parser.py::TestModelParser::test_detect_gguf_format PASSED [ 20%]
tests/integration/test_model_parser.py::TestModelParser::test_detect_safetensors_format PASSED [ 21%]
tests/integration/test_model_parser.py::TestModelParser::test_detect_pytorch_format PASSED [ 23%]
tests/integration/test_model_parser.py::TestModelParser::test_detect_onnx_format PASSED [ 25%]
tests/integration/test_structured_parser.py::TestStructuredParser::test_parse_json ERROR [ 26%]
tests/integration/test_structured_parser.py::TestStructuredParser::test_parse_csv ERROR [ 28%]

=================================== ERRORS ====================================
___________ ERROR at setup of TestCodeParser.test_parse_python_file ___________
E   psycopg.InterfaceError: Psycopg cannot use the 'ProactorEventLoop' to run in async mode. Please use a compatible event loop, for instance by running 'asyncio.run(..., loop_factory=asyncio.SelectorEventLoop(selectors.SelectSelector()))'
_ ERROR at setup of TestCompleteWorkflows.test_text_atomization_to_query_workflow _
E   psycopg.InterfaceError: Psycopg cannot use the 'ProactorEventLoop' to run in async mode. Please use a compatible event loop, for instance by running 'asyncio.run(..., loop_factory=asyncio.SelectorEventLoop(selectors.SelectSelector()))'
_ ERROR at setup of TestCompleteWorkflows.test_model_weight_deduplication_workflow _
E   psycopg.InterfaceError: Psycopg cannot use the 'ProactorEventLoop' to run in async mode. Please use a compatible event loop, for instance by running 'asyncio.run(..., loop_factory=asyncio.SelectorEventLoop(selectors.SelectSelector()))'
____ ERROR at setup of TestCompleteWorkflows.test_image_to_atoms_workflow _____
E   psycopg.InterfaceError: Psycopg cannot use the 'ProactorEventLoop' to run in async mode. Please use a compatible event loop, for instance by running 'asyncio.run(..., loop_factory=asyncio.SelectorEventLoop(selectors.SelectSelector()))'
________ ERROR at setup of TestGGUFAtomizer.test_atomize_sample_model _________
E   psycopg.InterfaceError: Psycopg cannot use the 'ProactorEventLoop' to run in async mode. Please use a compatible event loop, for instance by running 'asyncio.run(..., loop_factory=asyncio.SelectorEventLoop(selectors.SelectSelector()))'
________ ERROR at setup of TestGGUFAtomizer.test_weight_deduplication _________
E   psycopg.InterfaceError: Psycopg cannot use the 'ProactorEventLoop' to run in async mode. Please use a compatible event loop, for instance by running 'asyncio.run(..., loop_factory=asyncio.SelectorEventLoop(selectors.SelectSelector()))'
__________ ERROR at setup of TestImageParser.test_parse_simple_image __________
E   psycopg.InterfaceError: Psycopg cannot use the 'ProactorEventLoop' to run in async mode. Please use a compatible event loop, for instance by running 'asyncio.run(..., loop_factory=asyncio.SelectorEventLoop(selectors.SelectSelector()))'
__________ ERROR at setup of TestImageParser.test_image_composition ___________
E   psycopg.InterfaceError: Psycopg cannot use the 'ProactorEventLoop' to run in async mode. Please use a compatible event loop, for instance by running 'asyncio.run(..., loop_factory=asyncio.SelectorEventLoop(selectors.SelectSelector()))'
___________ ERROR at setup of TestStructuredParser.test_parse_json ____________
E   psycopg.InterfaceError: Psycopg cannot use the 'ProactorEventLoop' to run in async mode. Please use a compatible event loop, for instance by running 'asyncio.run(..., loop_factory=asyncio.SelectorEventLoop(selectors.SelectSelector()))'
____________ ERROR at setup of TestStructuredParser.test_parse_csv ____________
E   psycopg.InterfaceError: Psycopg cannot use the 'ProactorEventLoop' to run in async mode. Please use a compatible event loop, for instance by running 'asyncio.run(..., loop_factory=asyncio.SelectorEventLoop(selectors.SelectSelector()))'
============================== warnings summary ===============================
tests/integration/test_code_parser.py::TestCodeParser::test_detect_language
  tests\integration\test_code_parser.py:11: PytestWarning: The test <Function test_detect_language> is marked with '@pytest.mark.asyncio' but it is not an async function. Please remove the asyncio mark. If the test is not marked explicitly, check for global marks applied via 'pytestmark'.
    def test_detect_language(self):

-- Docs: https://docs.pytest.org/en/stable/how-to/capture-warnings.html
=========================== short test summary info ===========================
SKIPPED [1] tests\integration\test_image_parser.py:57: Requires PIL
ERROR tests/integration/test_code_parser.py::TestCodeParser::test_parse_python_file - psycopg.InterfaceError: Psycopg cannot use the 'ProactorEventLoop' to run in async mode. Please use a compatible event loop, for instance by running 'asyncio.run(..., loop_factory=asyncio.SelectorEventLoop(selectors.SelectSelector()))'
ERROR tests/integration/test_end_to_end.py::TestCompleteWorkflows::test_text_atomization_to_query_workflow - psycopg.InterfaceError: Psycopg cannot use the 'ProactorEventLoop' to run in async mode. Please use a compatible event loop, for instance by running 'asyncio.run(..., loop_factory=asyncio.SelectorEventLoop(selectors.SelectSelector()))'
ERROR tests/integration/test_end_to_end.py::TestCompleteWorkflows::test_model_weight_deduplication_workflow - psycopg.InterfaceError: Psycopg cannot use the 'ProactorEventLoop' to run in async mode. Please use a compatible event loop, for instance by running 'asyncio.run(..., loop_factory=asyncio.SelectorEventLoop(selectors.SelectSelector()))'
ERROR tests/integration/test_end_to_end.py::TestCompleteWorkflows::test_image_to_atoms_workflow - psycopg.InterfaceError: Psycopg cannot use the 'ProactorEventLoop' to run in async mode. Please use a compatible event loop, for instance by running 'asyncio.run(..., loop_factory=asyncio.SelectorEventLoop(selectors.SelectSelector()))'
ERROR tests/integration/test_gguf_atomizer.py::TestGGUFAtomizer::test_atomize_sample_model - psycopg.InterfaceError: Psycopg cannot use the 'ProactorEventLoop' to run in async mode. Please use a compatible event loop, for instance by running 'asyncio.run(..., loop_factory=asyncio.SelectorEventLoop(selectors.SelectSelector()))'
ERROR tests/integration/test_gguf_atomizer.py::TestGGUFAtomizer::test_weight_deduplication - psycopg.InterfaceError: Psycopg cannot use the 'ProactorEventLoop' to run in async mode. Please use a compatible event loop, for instance by running 'asyncio.run(..., loop_factory=asyncio.SelectorEventLoop(selectors.SelectSelector()))'
ERROR tests/integration/test_image_parser.py::TestImageParser::test_parse_simple_image - psycopg.InterfaceError: Psycopg cannot use the 'ProactorEventLoop' to run in async mode. Please use a compatible event loop, for instance by running 'asyncio.run(..., loop_factory=asyncio.SelectorEventLoop(selectors.SelectSelector()))'
ERROR tests/integration/test_image_parser.py::TestImageParser::test_image_composition - psycopg.InterfaceError: Psycopg cannot use the 'ProactorEventLoop' to run in async mode. Please use a compatible event loop, for instance by running 'asyncio.run(..., loop_factory=asyncio.SelectorEventLoop(selectors.SelectSelector()))'
ERROR tests/integration/test_structured_parser.py::TestStructuredParser::test_parse_json - psycopg.InterfaceError: Psycopg cannot use the 'ProactorEventLoop' to run in async mode. Please use a compatible event loop, for instance by running 'asyncio.run(..., loop_factory=asyncio.SelectorEventLoop(selectors.SelectSelector()))'
ERROR tests/integration/test_structured_parser.py::TestStructuredParser::test_parse_csv - psycopg.InterfaceError: Psycopg cannot use the 'ProactorEventLoop' to run in async mode. Please use a compatible event loop, for instance by running 'asyncio.run(..., loop_factory=asyncio.SelectorEventLoop(selectors.SelectSelector()))'
!!!!!!!!!!!!!!!!!!!!!!!!! stopping after 10 failures !!!!!!!!!!!!!!!!!!!!!!!!!!
============= 7 passed, 1 skipped, 1 warning, 10 errors in 0.23s ==============
