<?xml version="1.0" encoding="utf-8"?>
<coverage line-rate="0.2214" branch-rate="0.2" version="1.9" timestamp="1764880055" lines-covered="466" lines-valid="2104" branches-covered="98" branches-valid="490">
  <sources>
    <source>D:\Repositories\Hartonomous\Hartonomous.Core\</source>
  </sources>
  <packages>
    <package name="Hartonomous.Core" line-rate="0.2214" branch-rate="0.2" complexity="940">
      <classes>
        <class name="Hartonomous.Core.Domain.ValueObjects.Hash256" filename="Domain\ValueObjects\Hash256.cs" line-rate="0.5714" branch-rate="0.375" complexity="19">
          <methods>
            <method name="get_Bytes" signature="()" line-rate="1" branch-rate="1" complexity="1">
              <lines>
                <line number="18" hits="4" branch="False" />
              </lines>
            </method>
            <method name="get_Hex" signature="()" line-rate="1" branch-rate="1" complexity="1">
              <lines>
                <line number="19" hits="311" branch="False" />
              </lines>
            </method>
            <method name="FromBytes" signature="(System.Byte[])" line-rate="0" branch-rate="0" complexity="4">
              <lines>
                <line number="31" hits="0" branch="False" />
                <line number="32" hits="0" branch="True" condition-coverage="0% (0/4)">
                  <conditions>
                    <condition number="2" type="jump" coverage="0%" />
                    <condition number="19" type="jump" coverage="0%" />
                  </conditions>
                </line>
                <line number="33" hits="0" branch="False" />
                <line number="34" hits="0" branch="False" />
                <line number="36" hits="0" branch="False" />
                <line number="37" hits="0" branch="False" />
              </lines>
            </method>
            <method name="FromHex" signature="(System.String)" line-rate="1" branch-rate="1" complexity="4">
              <lines>
                <line number="40" hits="264" branch="False" />
                <line number="41" hits="264" branch="True" condition-coverage="100% (2/2)">
                  <conditions>
                    <condition number="9" type="jump" coverage="100%" />
                  </conditions>
                </line>
                <line number="42" hits="1" branch="False" />
                <line number="43" hits="1" branch="False" />
                <line number="46" hits="263" branch="False" />
                <line number="48" hits="263" branch="True" condition-coverage="100% (2/2)">
                  <conditions>
                    <condition number="81" type="jump" coverage="100%" />
                  </conditions>
                </line>
                <line number="49" hits="2" branch="False" />
                <line number="50" hits="2" branch="False" />
                <line number="53" hits="261" branch="False" />
                <line number="54" hits="260" branch="False" />
                <line number="55" hits="260" branch="False" />
              </lines>
            </method>
            <method name="Compute" signature="(System.Byte[])" line-rate="0.7142000000000001" branch-rate="0.5" complexity="2">
              <lines>
                <line number="58" hits="317" branch="False" />
                <line number="59" hits="317" branch="True" condition-coverage="50% (1/2)">
                  <conditions>
                    <condition number="7" type="jump" coverage="50%" />
                  </conditions>
                </line>
                <line number="60" hits="0" branch="False" />
                <line number="61" hits="0" branch="False" />
                <line number="64" hits="317" branch="False" />
                <line number="65" hits="317" branch="False" />
                <line number="66" hits="317" branch="False" />
              </lines>
            </method>
            <method name="Compute" signature="(System.String,System.Text.Encoding)" line-rate="0" branch-rate="0" complexity="4">
              <lines>
                <line number="69" hits="0" branch="False" />
                <line number="70" hits="0" branch="True" condition-coverage="0% (0/2)">
                  <conditions>
                    <condition number="7" type="jump" coverage="0%" />
                  </conditions>
                </line>
                <line number="71" hits="0" branch="False" />
                <line number="72" hits="0" branch="False" />
                <line number="75" hits="0" branch="True" condition-coverage="0% (0/2)">
                  <conditions>
                    <condition number="22" type="jump" coverage="0%" />
                  </conditions>
                </line>
                <line number="76" hits="0" branch="False" />
                <line number="77" hits="0" branch="False" />
                <line number="78" hits="0" branch="False" />
              </lines>
            </method>
            <method name="ToString" signature="()" line-rate="1" branch-rate="1" complexity="1">
              <lines>
                <line number="85" hits="289" branch="False" />
              </lines>
            </method>
            <method name=".ctor" signature="(System.Byte[])" line-rate="0.7142000000000001" branch-rate="0.5" complexity="2">
              <lines>
                <line number="21" hits="577" branch="False" />
                <line number="22" hits="577" branch="False" />
                <line number="23" hits="577" branch="True" condition-coverage="50% (1/2)">
                  <conditions>
                    <condition number="20" type="jump" coverage="50%" />
                  </conditions>
                </line>
                <line number="24" hits="0" branch="False" />
                <line number="25" hits="0" branch="False" />
                <line number="27" hits="577" branch="False" />
                <line number="28" hits="577" branch="False" />
              </lines>
            </method>
          </methods>
          <lines>
            <line number="18" hits="4" branch="False" />
            <line number="19" hits="311" branch="False" />
            <line number="31" hits="0" branch="False" />
            <line number="32" hits="0" branch="True" condition-coverage="0% (0/4)">
              <conditions>
                <condition number="2" type="jump" coverage="0%" />
                <condition number="19" type="jump" coverage="0%" />
              </conditions>
            </line>
            <line number="33" hits="0" branch="False" />
            <line number="34" hits="0" branch="False" />
            <line number="36" hits="0" branch="False" />
            <line number="37" hits="0" branch="False" />
            <line number="40" hits="264" branch="False" />
            <line number="41" hits="264" branch="True" condition-coverage="100% (2/2)">
              <conditions>
                <condition number="9" type="jump" coverage="100%" />
              </conditions>
            </line>
            <line number="42" hits="1" branch="False" />
            <line number="43" hits="1" branch="False" />
            <line number="46" hits="263" branch="False" />
            <line number="48" hits="263" branch="True" condition-coverage="100% (2/2)">
              <conditions>
                <condition number="81" type="jump" coverage="100%" />
              </conditions>
            </line>
            <line number="49" hits="2" branch="False" />
            <line number="50" hits="2" branch="False" />
            <line number="53" hits="261" branch="False" />
            <line number="54" hits="260" branch="False" />
            <line number="55" hits="260" branch="False" />
            <line number="58" hits="317" branch="False" />
            <line number="59" hits="317" branch="True" condition-coverage="50% (1/2)">
              <conditions>
                <condition number="7" type="jump" coverage="50%" />
              </conditions>
            </line>
            <line number="60" hits="0" branch="False" />
            <line number="61" hits="0" branch="False" />
            <line number="64" hits="317" branch="False" />
            <line number="65" hits="317" branch="False" />
            <line number="66" hits="317" branch="False" />
            <line number="69" hits="0" branch="False" />
            <line number="70" hits="0" branch="True" condition-coverage="0% (0/2)">
              <conditions>
                <condition number="7" type="jump" coverage="0%" />
              </conditions>
            </line>
            <line number="71" hits="0" branch="False" />
            <line number="72" hits="0" branch="False" />
            <line number="75" hits="0" branch="True" condition-coverage="0% (0/2)">
              <conditions>
                <condition number="22" type="jump" coverage="0%" />
              </conditions>
            </line>
            <line number="76" hits="0" branch="False" />
            <line number="77" hits="0" branch="False" />
            <line number="78" hits="0" branch="False" />
            <line number="85" hits="289" branch="False" />
            <line number="21" hits="577" branch="False" />
            <line number="22" hits="577" branch="False" />
            <line number="23" hits="577" branch="True" condition-coverage="50% (1/2)">
              <conditions>
                <condition number="20" type="jump" coverage="50%" />
              </conditions>
            </line>
            <line number="24" hits="0" branch="False" />
            <line number="25" hits="0" branch="False" />
            <line number="27" hits="577" branch="False" />
            <line number="28" hits="577" branch="False" />
          </lines>
        </class>
        <class name="Hartonomous.Core.Domain.ValueObjects.Hash256/&lt;GetEqualityComponents&gt;d__12" filename="Domain\ValueObjects\Hash256.cs" line-rate="1" branch-rate="1" complexity="1">
          <methods>
            <method name="MoveNext" signature="()" line-rate="1" branch-rate="1" complexity="1">
              <lines>
                <line number="81" hits="22" branch="False" />
                <line number="82" hits="22" branch="False" />
                <line number="83" hits="14" branch="False" />
              </lines>
            </method>
          </methods>
          <lines>
            <line number="81" hits="22" branch="False" />
            <line number="82" hits="22" branch="False" />
            <line number="83" hits="14" branch="False" />
          </lines>
        </class>
        <class name="Hartonomous.Core.Domain.ValueObjects.SpatialCoordinate" filename="Domain\ValueObjects\SpatialCoordinate.cs" line-rate="0.4915" branch-rate="0.38880000000000003" complexity="44">
          <methods>
            <method name="get_HilbertIndex" signature="()" line-rate="1" branch-rate="1" complexity="1">
              <lines>
                <line number="28" hits="1041" branch="False" />
              </lines>
            </method>
            <method name="get_Precision" signature="()" line-rate="1" branch-rate="1" complexity="1">
              <lines>
                <line number="33" hits="1050" branch="False" />
              </lines>
            </method>
            <method name="get_X" signature="()" line-rate="0.4" branch-rate="0.5" complexity="2">
              <lines>
                <line number="47" hits="1033" branch="False" />
                <line number="48" hits="1033" branch="True" condition-coverage="50% (1/2)">
                  <conditions>
                    <condition number="17" type="jump" coverage="50%" />
                  </conditions>
                </line>
                <line number="49" hits="0" branch="False" />
                <line number="50" hits="0" branch="False" />
                <line number="51" hits="0" branch="False" />
                <line number="52" hits="0" branch="False" />
                <line number="53" hits="0" branch="False" />
                <line number="54" hits="0" branch="False" />
                <line number="55" hits="1033" branch="False" />
                <line number="56" hits="1033" branch="False" />
              </lines>
            </method>
            <method name="get_Y" signature="()" line-rate="0.4" branch-rate="0.5" complexity="2">
              <lines>
                <line number="66" hits="1033" branch="False" />
                <line number="67" hits="1033" branch="True" condition-coverage="50% (1/2)">
                  <conditions>
                    <condition number="17" type="jump" coverage="50%" />
                  </conditions>
                </line>
                <line number="68" hits="0" branch="False" />
                <line number="69" hits="0" branch="False" />
                <line number="70" hits="0" branch="False" />
                <line number="71" hits="0" branch="False" />
                <line number="72" hits="0" branch="False" />
                <line number="73" hits="0" branch="False" />
                <line number="74" hits="1033" branch="False" />
                <line number="75" hits="1033" branch="False" />
              </lines>
            </method>
            <method name="get_Z" signature="()" line-rate="0.4" branch-rate="0.5" complexity="2">
              <lines>
                <line number="85" hits="1033" branch="False" />
                <line number="86" hits="1033" branch="True" condition-coverage="50% (1/2)">
                  <conditions>
                    <condition number="17" type="jump" coverage="50%" />
                  </conditions>
                </line>
                <line number="87" hits="0" branch="False" />
                <line number="88" hits="0" branch="False" />
                <line number="89" hits="0" branch="False" />
                <line number="90" hits="0" branch="False" />
                <line number="91" hits="0" branch="False" />
                <line number="92" hits="0" branch="False" />
                <line number="93" hits="1033" branch="False" />
                <line number="94" hits="1033" branch="False" />
              </lines>
            </method>
            <method name="FromHilbert" signature="(System.UInt64,System.Int32)" line-rate="0" branch-rate="1" complexity="1">
              <lines>
                <line number="128" hits="0" branch="False" />
                <line number="129" hits="0" branch="False" />
                <line number="130" hits="0" branch="False" />
              </lines>
            </method>
            <method name="Create" signature="(System.Double,System.Double,System.Double,System.Int32)" line-rate="1" branch-rate="1" complexity="1">
              <lines>
                <line number="138" hits="1037" branch="False" />
                <line number="139" hits="1037" branch="False" />
                <line number="140" hits="1037" branch="False" />
              </lines>
            </method>
            <method name="FromHash" signature="(Hartonomous.Core.Domain.ValueObjects.Hash256,System.Int32)" line-rate="0.8887999999999999" branch-rate="0.5" complexity="2">
              <lines>
                <line number="147" hits="4" branch="False" />
                <line number="148" hits="4" branch="True" condition-coverage="50% (1/2)">
                  <conditions>
                    <condition number="12" type="jump" coverage="50%" />
                  </conditions>
                </line>
                <line number="149" hits="0" branch="False" />
                <line number="151" hits="4" branch="False" />
                <line number="154" hits="4" branch="False" />
                <line number="155" hits="4" branch="False" />
                <line number="156" hits="4" branch="False" />
                <line number="158" hits="4" branch="False" />
                <line number="159" hits="4" branch="False" />
              </lines>
            </method>
            <method name="MapBytesToCoordinate" signature="(System.Byte[],System.Int32,System.Int32)" line-rate="1" branch-rate="1" complexity="1">
              <lines>
                <line number="162" hits="12" branch="False" />
                <line number="164" hits="12" branch="False" />
                <line number="167" hits="12" branch="False" />
                <line number="168" hits="12" branch="False" />
                <line number="169" hits="12" branch="False" />
              </lines>
            </method>
            <method name="IsValidCoordinate" signature="(System.Double)" line-rate="0" branch-rate="0" complexity="4">
              <lines>
                <line number="172" hits="0" branch="False" />
                <line number="173" hits="0" branch="True" condition-coverage="0% (0/4)">
                  <conditions>
                    <condition number="7" type="jump" coverage="0%" />
                    <condition number="15" type="jump" coverage="0%" />
                  </conditions>
                </line>
                <line number="174" hits="0" branch="False" />
              </lines>
            </method>
            <method name="DistanceTo" signature="(Hartonomous.Core.Domain.ValueObjects.SpatialCoordinate)" line-rate="0" branch-rate="0" complexity="2">
              <lines>
                <line number="181" hits="0" branch="False" />
                <line number="182" hits="0" branch="True" condition-coverage="0% (0/2)">
                  <conditions>
                    <condition number="10" type="jump" coverage="0%" />
                  </conditions>
                </line>
                <line number="183" hits="0" branch="False" />
                <line number="185" hits="0" branch="False" />
                <line number="186" hits="0" branch="False" />
                <line number="187" hits="0" branch="False" />
                <line number="189" hits="0" branch="False" />
                <line number="190" hits="0" branch="False" />
              </lines>
            </method>
            <method name="ManhattanDistanceTo" signature="(Hartonomous.Core.Domain.ValueObjects.SpatialCoordinate)" line-rate="0" branch-rate="0" complexity="2">
              <lines>
                <line number="196" hits="0" branch="False" />
                <line number="197" hits="0" branch="True" condition-coverage="0% (0/2)">
                  <conditions>
                    <condition number="10" type="jump" coverage="0%" />
                  </conditions>
                </line>
                <line number="198" hits="0" branch="False" />
                <line number="200" hits="0" branch="False" />
                <line number="201" hits="0" branch="False" />
              </lines>
            </method>
            <method name="HilbertDistanceTo" signature="(Hartonomous.Core.Domain.ValueObjects.SpatialCoordinate)" line-rate="0" branch-rate="0" complexity="4">
              <lines>
                <line number="209" hits="0" branch="False" />
                <line number="210" hits="0" branch="True" condition-coverage="0% (0/2)">
                  <conditions>
                    <condition number="10" type="jump" coverage="0%" />
                  </conditions>
                </line>
                <line number="211" hits="0" branch="False" />
                <line number="215" hits="0" branch="True" condition-coverage="0% (0/2)">
                  <conditions>
                    <condition number="35" type="jump" coverage="0%" />
                  </conditions>
                </line>
                <line number="216" hits="0" branch="False" />
                <line number="217" hits="0" branch="False" />
                <line number="218" hits="0" branch="False" />
              </lines>
            </method>
            <method name="ToCartesian" signature="()" line-rate="0" branch-rate="1" complexity="1">
              <lines>
                <line number="225" hits="0" branch="False" />
                <line number="226" hits="0" branch="False" />
                <line number="227" hits="0" branch="False" />
              </lines>
            </method>
            <method name="GetHilbertRangeForRadius" signature="(System.Double)" line-rate="0" branch-rate="1" complexity="1">
              <lines>
                <line number="234" hits="0" branch="False" />
                <line number="235" hits="0" branch="False" />
                <line number="236" hits="0" branch="False" />
              </lines>
            </method>
            <method name="Interpolate" signature="(System.Collections.Generic.IEnumerable`1&lt;Hartonomous.Core.Domain.ValueObjects.SpatialCoordinate&gt;,System.Nullable`1&lt;System.Int32&gt;)" line-rate="1" branch-rate="1" complexity="8">
              <lines>
                <line number="244" hits="12" branch="False" />
                <line number="245" hits="12" branch="False" />
                <line number="246" hits="12" branch="True" condition-coverage="100% (2/2)">
                  <conditions>
                    <condition number="21" type="jump" coverage="100%" />
                  </conditions>
                </line>
                <line number="247" hits="1" branch="False" />
                <line number="249" hits="11" branch="True" condition-coverage="100% (2/2)">
                  <conditions>
                    <condition number="52" type="jump" coverage="100%" />
                  </conditions>
                </line>
                <line number="250" hits="1" branch="False" />
                <line number="253" hits="10" branch="True" condition-coverage="100% (2/2)">
                  <conditions>
                    <condition number="78" type="jump" coverage="100%" />
                  </conditions>
                </line>
                <line number="256" hits="30" branch="False" />
                <line number="257" hits="2074" branch="True" condition-coverage="100% (2/2)">
                  <conditions>
                    <condition number="194" type="jump" coverage="100%" />
                  </conditions>
                </line>
                <line number="258" hits="1022" branch="False" />
                <line number="259" hits="1022" branch="False" />
                <line number="260" hits="1022" branch="False" />
                <line number="261" hits="1022" branch="False" />
                <line number="262" hits="1022" branch="False" />
                <line number="264" hits="10" branch="False" />
                <line number="265" hits="10" branch="False" />
                <line number="266" hits="10" branch="False" />
                <line number="268" hits="10" branch="False" />
                <line number="269" hits="11" branch="False" />
              </lines>
            </method>
            <method name="ToString" signature="()" line-rate="0" branch-rate="1" complexity="1">
              <lines>
                <line number="278" hits="0" branch="False" />
              </lines>
            </method>
            <method name=".ctor" signature="(System.UInt64,System.Int32)" line-rate="0" branch-rate="0" complexity="4">
              <lines>
                <line number="98" hits="0" branch="False" />
                <line number="99" hits="0" branch="False" />
                <line number="100" hits="0" branch="True" condition-coverage="0% (0/4)">
                  <conditions>
                    <condition number="10" type="jump" coverage="0%" />
                    <condition number="22" type="jump" coverage="0%" />
                  </conditions>
                </line>
                <line number="101" hits="0" branch="False" />
                <line number="103" hits="0" branch="False" />
                <line number="104" hits="0" branch="False" />
                <line number="105" hits="0" branch="False" />
              </lines>
            </method>
            <method name=".ctor" signature="(System.Double,System.Double,System.Double,System.Int32)" line-rate="0.9" branch-rate="0.5" complexity="4">
              <lines>
                <line number="108" hits="1037" branch="False" />
                <line number="109" hits="1037" branch="False" />
                <line number="110" hits="1037" branch="True" condition-coverage="50% (2/4)">
                  <conditions>
                    <condition number="11" type="jump" coverage="50%" />
                    <condition number="24" type="jump" coverage="50%" />
                  </conditions>
                </line>
                <line number="111" hits="0" branch="False" />
                <line number="113" hits="1037" branch="False" />
                <line number="114" hits="1037" branch="False" />
                <line number="117" hits="1037" branch="False" />
                <line number="118" hits="1037" branch="False" />
                <line number="119" hits="1037" branch="False" />
                <line number="120" hits="1037" branch="False" />
              </lines>
            </method>
          </methods>
          <lines>
            <line number="28" hits="1041" branch="False" />
            <line number="33" hits="1050" branch="False" />
            <line number="47" hits="1033" branch="False" />
            <line number="48" hits="1033" branch="True" condition-coverage="50% (1/2)">
              <conditions>
                <condition number="17" type="jump" coverage="50%" />
              </conditions>
            </line>
            <line number="49" hits="0" branch="False" />
            <line number="50" hits="0" branch="False" />
            <line number="51" hits="0" branch="False" />
            <line number="52" hits="0" branch="False" />
            <line number="53" hits="0" branch="False" />
            <line number="54" hits="0" branch="False" />
            <line number="55" hits="1033" branch="False" />
            <line number="56" hits="1033" branch="False" />
            <line number="66" hits="1033" branch="False" />
            <line number="67" hits="1033" branch="True" condition-coverage="50% (1/2)">
              <conditions>
                <condition number="17" type="jump" coverage="50%" />
              </conditions>
            </line>
            <line number="68" hits="0" branch="False" />
            <line number="69" hits="0" branch="False" />
            <line number="70" hits="0" branch="False" />
            <line number="71" hits="0" branch="False" />
            <line number="72" hits="0" branch="False" />
            <line number="73" hits="0" branch="False" />
            <line number="74" hits="1033" branch="False" />
            <line number="75" hits="1033" branch="False" />
            <line number="85" hits="1033" branch="False" />
            <line number="86" hits="1033" branch="True" condition-coverage="50% (1/2)">
              <conditions>
                <condition number="17" type="jump" coverage="50%" />
              </conditions>
            </line>
            <line number="87" hits="0" branch="False" />
            <line number="88" hits="0" branch="False" />
            <line number="89" hits="0" branch="False" />
            <line number="90" hits="0" branch="False" />
            <line number="91" hits="0" branch="False" />
            <line number="92" hits="0" branch="False" />
            <line number="93" hits="1033" branch="False" />
            <line number="94" hits="1033" branch="False" />
            <line number="128" hits="0" branch="False" />
            <line number="129" hits="0" branch="False" />
            <line number="130" hits="0" branch="False" />
            <line number="138" hits="1037" branch="False" />
            <line number="139" hits="1037" branch="False" />
            <line number="140" hits="1037" branch="False" />
            <line number="147" hits="4" branch="False" />
            <line number="148" hits="4" branch="True" condition-coverage="50% (1/2)">
              <conditions>
                <condition number="12" type="jump" coverage="50%" />
              </conditions>
            </line>
            <line number="149" hits="0" branch="False" />
            <line number="151" hits="4" branch="False" />
            <line number="154" hits="4" branch="False" />
            <line number="155" hits="4" branch="False" />
            <line number="156" hits="4" branch="False" />
            <line number="158" hits="4" branch="False" />
            <line number="159" hits="4" branch="False" />
            <line number="162" hits="12" branch="False" />
            <line number="164" hits="12" branch="False" />
            <line number="167" hits="12" branch="False" />
            <line number="168" hits="12" branch="False" />
            <line number="169" hits="12" branch="False" />
            <line number="172" hits="0" branch="False" />
            <line number="173" hits="0" branch="True" condition-coverage="0% (0/4)">
              <conditions>
                <condition number="7" type="jump" coverage="0%" />
                <condition number="15" type="jump" coverage="0%" />
              </conditions>
            </line>
            <line number="174" hits="0" branch="False" />
            <line number="181" hits="0" branch="False" />
            <line number="182" hits="0" branch="True" condition-coverage="0% (0/2)">
              <conditions>
                <condition number="10" type="jump" coverage="0%" />
              </conditions>
            </line>
            <line number="183" hits="0" branch="False" />
            <line number="185" hits="0" branch="False" />
            <line number="186" hits="0" branch="False" />
            <line number="187" hits="0" branch="False" />
            <line number="189" hits="0" branch="False" />
            <line number="190" hits="0" branch="False" />
            <line number="196" hits="0" branch="False" />
            <line number="197" hits="0" branch="True" condition-coverage="0% (0/2)">
              <conditions>
                <condition number="10" type="jump" coverage="0%" />
              </conditions>
            </line>
            <line number="198" hits="0" branch="False" />
            <line number="200" hits="0" branch="False" />
            <line number="201" hits="0" branch="False" />
            <line number="209" hits="0" branch="False" />
            <line number="210" hits="0" branch="True" condition-coverage="0% (0/2)">
              <conditions>
                <condition number="10" type="jump" coverage="0%" />
              </conditions>
            </line>
            <line number="211" hits="0" branch="False" />
            <line number="215" hits="0" branch="True" condition-coverage="0% (0/2)">
              <conditions>
                <condition number="35" type="jump" coverage="0%" />
              </conditions>
            </line>
            <line number="216" hits="0" branch="False" />
            <line number="217" hits="0" branch="False" />
            <line number="218" hits="0" branch="False" />
            <line number="225" hits="0" branch="False" />
            <line number="226" hits="0" branch="False" />
            <line number="227" hits="0" branch="False" />
            <line number="234" hits="0" branch="False" />
            <line number="235" hits="0" branch="False" />
            <line number="236" hits="0" branch="False" />
            <line number="244" hits="12" branch="False" />
            <line number="245" hits="12" branch="False" />
            <line number="246" hits="12" branch="True" condition-coverage="100% (2/2)">
              <conditions>
                <condition number="21" type="jump" coverage="100%" />
              </conditions>
            </line>
            <line number="247" hits="1" branch="False" />
            <line number="249" hits="11" branch="True" condition-coverage="100% (2/2)">
              <conditions>
                <condition number="52" type="jump" coverage="100%" />
              </conditions>
            </line>
            <line number="250" hits="1" branch="False" />
            <line number="253" hits="10" branch="True" condition-coverage="100% (2/2)">
              <conditions>
                <condition number="78" type="jump" coverage="100%" />
              </conditions>
            </line>
            <line number="256" hits="30" branch="False" />
            <line number="257" hits="2074" branch="True" condition-coverage="100% (2/2)">
              <conditions>
                <condition number="194" type="jump" coverage="100%" />
              </conditions>
            </line>
            <line number="258" hits="1022" branch="False" />
            <line number="259" hits="1022" branch="False" />
            <line number="260" hits="1022" branch="False" />
            <line number="261" hits="1022" branch="False" />
            <line number="262" hits="1022" branch="False" />
            <line number="264" hits="10" branch="False" />
            <line number="265" hits="10" branch="False" />
            <line number="266" hits="10" branch="False" />
            <line number="268" hits="10" branch="False" />
            <line number="269" hits="11" branch="False" />
            <line number="278" hits="0" branch="False" />
            <line number="98" hits="0" branch="False" />
            <line number="99" hits="0" branch="False" />
            <line number="100" hits="0" branch="True" condition-coverage="0% (0/4)">
              <conditions>
                <condition number="10" type="jump" coverage="0%" />
                <condition number="22" type="jump" coverage="0%" />
              </conditions>
            </line>
            <line number="101" hits="0" branch="False" />
            <line number="103" hits="0" branch="False" />
            <line number="104" hits="0" branch="False" />
            <line number="105" hits="0" branch="False" />
            <line number="108" hits="1037" branch="False" />
            <line number="109" hits="1037" branch="False" />
            <line number="110" hits="1037" branch="True" condition-coverage="50% (2/4)">
              <conditions>
                <condition number="11" type="jump" coverage="50%" />
                <condition number="24" type="jump" coverage="50%" />
              </conditions>
            </line>
            <line number="111" hits="0" branch="False" />
            <line number="113" hits="1037" branch="False" />
            <line number="114" hits="1037" branch="False" />
            <line number="117" hits="1037" branch="False" />
            <line number="118" hits="1037" branch="False" />
            <line number="119" hits="1037" branch="False" />
            <line number="120" hits="1037" branch="False" />
          </lines>
        </class>
        <class name="Hartonomous.Core.Domain.ValueObjects.SpatialCoordinate/&lt;GetEqualityComponents&gt;d__30" filename="Domain\ValueObjects\SpatialCoordinate.cs" line-rate="1" branch-rate="1" complexity="1">
          <methods>
            <method name="MoveNext" signature="()" line-rate="1" branch-rate="1" complexity="1">
              <lines>
                <line number="272" hits="2" branch="False" />
                <line number="274" hits="2" branch="False" />
                <line number="275" hits="2" branch="False" />
                <line number="276" hits="2" branch="False" />
              </lines>
            </method>
          </methods>
          <lines>
            <line number="272" hits="2" branch="False" />
            <line number="274" hits="2" branch="False" />
            <line number="275" hits="2" branch="False" />
            <line number="276" hits="2" branch="False" />
          </lines>
        </class>
        <class name="Hartonomous.Core.Domain.Utilities.HilbertCurve" filename="Domain\Utilities\HilbertCurve.cs" line-rate="0.9848" branch-rate="0.909" complexity="22">
          <methods>
            <method name="Encode" signature="(System.Double,System.Double,System.Double,System.Int32)" line-rate="1" branch-rate="1" complexity="4">
              <lines>
                <line number="38" hits="1110" branch="False" />
                <line number="39" hits="1110" branch="True" condition-coverage="100% (4/4)">
                  <conditions>
                    <condition number="3" type="jump" coverage="100%" />
                    <condition number="17" type="jump" coverage="100%" />
                  </conditions>
                </line>
                <line number="40" hits="3" branch="False" />
                <line number="43" hits="1107" branch="False" />
                <line number="44" hits="1107" branch="False" />
                <line number="45" hits="1107" branch="False" />
                <line number="46" hits="1107" branch="False" />
                <line number="48" hits="1107" branch="False" />
                <line number="49" hits="1107" branch="False" />
              </lines>
            </method>
            <method name="Decode" signature="(System.UInt64,System.Int32)" line-rate="1" branch-rate="1" complexity="4">
              <lines>
                <line number="58" hits="12" branch="False" />
                <line number="59" hits="12" branch="True" condition-coverage="100% (4/4)">
                  <conditions>
                    <condition number="3" type="jump" coverage="100%" />
                    <condition number="15" type="jump" coverage="100%" />
                  </conditions>
                </line>
                <line number="60" hits="2" branch="False" />
                <line number="62" hits="10" branch="False" />
                <line number="65" hits="10" branch="False" />
                <line number="66" hits="10" branch="False" />
              </lines>
            </method>
            <method name="GetRangeForRadius" signature="(System.UInt64,System.Double,System.Int32)" line-rate="0.95" branch-rate="0.6666" complexity="6">
              <lines>
                <line number="77" hits="5" branch="False" />
                <line number="78" hits="5" branch="True" condition-coverage="100% (2/2)">
                  <conditions>
                    <condition number="17" type="jump" coverage="100%" />
                  </conditions>
                </line>
                <line number="79" hits="1" branch="False" />
                <line number="82" hits="4" branch="False" />
                <line number="85" hits="4" branch="False" />
                <line number="86" hits="4" branch="False" />
                <line number="87" hits="4" branch="False" />
                <line number="89" hits="4" branch="False" />
                <line number="90" hits="4" branch="False" />
                <line number="91" hits="4" branch="False" />
                <line number="92" hits="4" branch="False" />
                <line number="95" hits="4" branch="False" />
                <line number="96" hits="4" branch="False" />
                <line number="99" hits="4" branch="True" condition-coverage="50% (1/2)">
                  <conditions>
                    <condition number="209" type="jump" coverage="50%" />
                  </conditions>
                </line>
                <line number="100" hits="0" branch="False" />
                <line number="103" hits="4" branch="False" />
                <line number="104" hits="4" branch="True" condition-coverage="50% (1/2)">
                  <conditions>
                    <condition number="243" type="jump" coverage="50%" />
                  </conditions>
                </line>
                <line number="105" hits="4" branch="False" />
                <line number="107" hits="4" branch="False" />
                <line number="108" hits="4" branch="False" />
              </lines>
            </method>
            <method name="NormalizeCoordinate" signature="(System.Double,System.UInt64)" line-rate="1" branch-rate="1" complexity="4">
              <lines>
                <line number="113" hits="3321" branch="False" />
                <line number="115" hits="3324" branch="True" condition-coverage="100% (2/2)">
                  <conditions>
                    <condition number="15" type="jump" coverage="100%" />
                  </conditions>
                </line>
                <line number="116" hits="3330" branch="True" condition-coverage="100% (2/2)">
                  <conditions>
                    <condition number="36" type="jump" coverage="100%" />
                  </conditions>
                </line>
                <line number="118" hits="3321" branch="False" />
                <line number="119" hits="3321" branch="False" />
              </lines>
            </method>
            <method name="EncodeHilbert3D" signature="(System.UInt64,System.UInt64,System.UInt64,System.Int32)" line-rate="1" branch-rate="1" complexity="2">
              <lines>
                <line number="126" hits="1107" branch="False" />
                <line number="127" hits="1107" branch="False" />
                <line number="130" hits="48500" branch="True" condition-coverage="100% (2/2)">
                  <conditions>
                    <condition number="77" type="jump" coverage="100%" />
                  </conditions>
                </line>
                <line number="131" hits="23143" branch="False" />
                <line number="133" hits="23143" branch="False" />
                <line number="134" hits="23143" branch="False" />
                <line number="135" hits="23143" branch="False" />
                <line number="138" hits="23143" branch="False" />
                <line number="141" hits="23143" branch="False" />
                <line number="142" hits="23143" branch="False" />
                <line number="144" hits="1107" branch="False" />
                <line number="145" hits="1107" branch="False" />
              </lines>
            </method>
            <method name="DecodeHilbert3D" signature="(System.UInt64,System.Int32)" line-rate="1" branch-rate="1" complexity="2">
              <lines>
                <line number="151" hits="10" branch="False" />
                <line number="152" hits="30" branch="False" />
                <line number="155" hits="440" branch="True" condition-coverage="100% (2/2)">
                  <conditions>
                    <condition number="92" type="jump" coverage="100%" />
                  </conditions>
                </line>
                <line number="156" hits="210" branch="False" />
                <line number="158" hits="210" branch="False" />
                <line number="161" hits="210" branch="False" />
                <line number="162" hits="210" branch="False" />
                <line number="163" hits="210" branch="False" />
                <line number="166" hits="210" branch="False" />
                <line number="167" hits="210" branch="False" />
                <line number="168" hits="210" branch="False" />
                <line number="169" hits="210" branch="False" />
                <line number="171" hits="10" branch="False" />
                <line number="172" hits="10" branch="False" />
              </lines>
            </method>
          </methods>
          <lines>
            <line number="38" hits="1110" branch="False" />
            <line number="39" hits="1110" branch="True" condition-coverage="100% (4/4)">
              <conditions>
                <condition number="3" type="jump" coverage="100%" />
                <condition number="17" type="jump" coverage="100%" />
              </conditions>
            </line>
            <line number="40" hits="3" branch="False" />
            <line number="43" hits="1107" branch="False" />
            <line number="44" hits="1107" branch="False" />
            <line number="45" hits="1107" branch="False" />
            <line number="46" hits="1107" branch="False" />
            <line number="48" hits="1107" branch="False" />
            <line number="49" hits="1107" branch="False" />
            <line number="58" hits="12" branch="False" />
            <line number="59" hits="12" branch="True" condition-coverage="100% (4/4)">
              <conditions>
                <condition number="3" type="jump" coverage="100%" />
                <condition number="15" type="jump" coverage="100%" />
              </conditions>
            </line>
            <line number="60" hits="2" branch="False" />
            <line number="62" hits="10" branch="False" />
            <line number="65" hits="10" branch="False" />
            <line number="66" hits="10" branch="False" />
            <line number="77" hits="5" branch="False" />
            <line number="78" hits="5" branch="True" condition-coverage="100% (2/2)">
              <conditions>
                <condition number="17" type="jump" coverage="100%" />
              </conditions>
            </line>
            <line number="79" hits="1" branch="False" />
            <line number="82" hits="4" branch="False" />
            <line number="85" hits="4" branch="False" />
            <line number="86" hits="4" branch="False" />
            <line number="87" hits="4" branch="False" />
            <line number="89" hits="4" branch="False" />
            <line number="90" hits="4" branch="False" />
            <line number="91" hits="4" branch="False" />
            <line number="92" hits="4" branch="False" />
            <line number="95" hits="4" branch="False" />
            <line number="96" hits="4" branch="False" />
            <line number="99" hits="4" branch="True" condition-coverage="50% (1/2)">
              <conditions>
                <condition number="209" type="jump" coverage="50%" />
              </conditions>
            </line>
            <line number="100" hits="0" branch="False" />
            <line number="103" hits="4" branch="False" />
            <line number="104" hits="4" branch="True" condition-coverage="50% (1/2)">
              <conditions>
                <condition number="243" type="jump" coverage="50%" />
              </conditions>
            </line>
            <line number="105" hits="4" branch="False" />
            <line number="107" hits="4" branch="False" />
            <line number="108" hits="4" branch="False" />
            <line number="113" hits="3321" branch="False" />
            <line number="115" hits="3324" branch="True" condition-coverage="100% (2/2)">
              <conditions>
                <condition number="15" type="jump" coverage="100%" />
              </conditions>
            </line>
            <line number="116" hits="3330" branch="True" condition-coverage="100% (2/2)">
              <conditions>
                <condition number="36" type="jump" coverage="100%" />
              </conditions>
            </line>
            <line number="118" hits="3321" branch="False" />
            <line number="119" hits="3321" branch="False" />
            <line number="126" hits="1107" branch="False" />
            <line number="127" hits="1107" branch="False" />
            <line number="130" hits="48500" branch="True" condition-coverage="100% (2/2)">
              <conditions>
                <condition number="77" type="jump" coverage="100%" />
              </conditions>
            </line>
            <line number="131" hits="23143" branch="False" />
            <line number="133" hits="23143" branch="False" />
            <line number="134" hits="23143" branch="False" />
            <line number="135" hits="23143" branch="False" />
            <line number="138" hits="23143" branch="False" />
            <line number="141" hits="23143" branch="False" />
            <line number="142" hits="23143" branch="False" />
            <line number="144" hits="1107" branch="False" />
            <line number="145" hits="1107" branch="False" />
            <line number="151" hits="10" branch="False" />
            <line number="152" hits="30" branch="False" />
            <line number="155" hits="440" branch="True" condition-coverage="100% (2/2)">
              <conditions>
                <condition number="92" type="jump" coverage="100%" />
              </conditions>
            </line>
            <line number="156" hits="210" branch="False" />
            <line number="158" hits="210" branch="False" />
            <line number="161" hits="210" branch="False" />
            <line number="162" hits="210" branch="False" />
            <line number="163" hits="210" branch="False" />
            <line number="166" hits="210" branch="False" />
            <line number="167" hits="210" branch="False" />
            <line number="168" hits="210" branch="False" />
            <line number="169" hits="210" branch="False" />
            <line number="171" hits="10" branch="False" />
            <line number="172" hits="10" branch="False" />
          </lines>
        </class>
        <class name="Hartonomous.Core.Domain.Exceptions.BPETokenException" filename="Domain\Exceptions\BPETokenException.cs" line-rate="0" branch-rate="1" complexity="3">
          <methods>
            <method name="get_TokenId" signature="()" line-rate="0" branch-rate="1" complexity="1">
              <lines>
                <line number="8" hits="0" branch="False" />
              </lines>
            </method>
            <method name=".ctor" signature="(System.String,System.Nullable`1&lt;System.Int32&gt;)" line-rate="0" branch-rate="1" complexity="1">
              <lines>
                <line number="11" hits="0" branch="False" />
                <line number="12" hits="0" branch="False" />
                <line number="13" hits="0" branch="False" />
                <line number="14" hits="0" branch="False" />
              </lines>
            </method>
            <method name=".ctor" signature="(System.String,System.Exception,System.Nullable`1&lt;System.Int32&gt;)" line-rate="0" branch-rate="1" complexity="1">
              <lines>
                <line number="17" hits="0" branch="False" />
                <line number="18" hits="0" branch="False" />
                <line number="19" hits="0" branch="False" />
                <line number="20" hits="0" branch="False" />
              </lines>
            </method>
          </methods>
          <lines>
            <line number="8" hits="0" branch="False" />
            <line number="11" hits="0" branch="False" />
            <line number="12" hits="0" branch="False" />
            <line number="13" hits="0" branch="False" />
            <line number="14" hits="0" branch="False" />
            <line number="17" hits="0" branch="False" />
            <line number="18" hits="0" branch="False" />
            <line number="19" hits="0" branch="False" />
            <line number="20" hits="0" branch="False" />
          </lines>
        </class>
        <class name="Hartonomous.Core.Domain.Exceptions.DomainException" filename="Domain\Exceptions\DomainException.cs" line-rate="0" branch-rate="1" complexity="2">
          <methods>
            <method name=".ctor" signature="(System.String)" line-rate="0" branch-rate="1" complexity="1">
              <lines>
                <line number="8" hits="0" branch="False" />
                <line number="9" hits="0" branch="False" />
                <line number="10" hits="0" branch="False" />
              </lines>
            </method>
            <method name=".ctor" signature="(System.String,System.Exception)" line-rate="0" branch-rate="1" complexity="1">
              <lines>
                <line number="13" hits="0" branch="False" />
                <line number="14" hits="0" branch="False" />
                <line number="15" hits="0" branch="False" />
              </lines>
            </method>
          </methods>
          <lines>
            <line number="8" hits="0" branch="False" />
            <line number="9" hits="0" branch="False" />
            <line number="10" hits="0" branch="False" />
            <line number="13" hits="0" branch="False" />
            <line number="14" hits="0" branch="False" />
            <line number="15" hits="0" branch="False" />
          </lines>
        </class>
        <class name="Hartonomous.Core.Domain.Exceptions.DuplicateConstantException" filename="Domain\Exceptions\DuplicateConstantException.cs" line-rate="0" branch-rate="1" complexity="3">
          <methods>
            <method name="get_Hash" signature="()" line-rate="0" branch-rate="1" complexity="1">
              <lines>
                <line number="8" hits="0" branch="False" />
              </lines>
            </method>
            <method name="get_ExistingConstantId" signature="()" line-rate="0" branch-rate="1" complexity="1">
              <lines>
                <line number="9" hits="0" branch="False" />
              </lines>
            </method>
            <method name=".ctor" signature="(System.String,System.Nullable`1&lt;System.Guid&gt;)" line-rate="0" branch-rate="1" complexity="1">
              <lines>
                <line number="12" hits="0" branch="False" />
                <line number="13" hits="0" branch="False" />
                <line number="14" hits="0" branch="False" />
                <line number="15" hits="0" branch="False" />
                <line number="16" hits="0" branch="False" />
              </lines>
            </method>
          </methods>
          <lines>
            <line number="8" hits="0" branch="False" />
            <line number="9" hits="0" branch="False" />
            <line number="12" hits="0" branch="False" />
            <line number="13" hits="0" branch="False" />
            <line number="14" hits="0" branch="False" />
            <line number="15" hits="0" branch="False" />
            <line number="16" hits="0" branch="False" />
          </lines>
        </class>
        <class name="Hartonomous.Core.Domain.Exceptions.InvalidSpatialCoordinateException" filename="Domain\Exceptions\InvalidSpatialCoordinateException.cs" line-rate="0" branch-rate="1" complexity="4">
          <methods>
            <method name="get_X" signature="()" line-rate="0" branch-rate="1" complexity="1">
              <lines>
                <line number="8" hits="0" branch="False" />
              </lines>
            </method>
            <method name="get_Y" signature="()" line-rate="0" branch-rate="1" complexity="1">
              <lines>
                <line number="9" hits="0" branch="False" />
              </lines>
            </method>
            <method name="get_Z" signature="()" line-rate="0" branch-rate="1" complexity="1">
              <lines>
                <line number="10" hits="0" branch="False" />
              </lines>
            </method>
            <method name=".ctor" signature="(System.String,System.Nullable`1&lt;System.Double&gt;,System.Nullable`1&lt;System.Double&gt;,System.Nullable`1&lt;System.Double&gt;)" line-rate="0" branch-rate="1" complexity="1">
              <lines>
                <line number="13" hits="0" branch="False" />
                <line number="14" hits="0" branch="False" />
                <line number="15" hits="0" branch="False" />
                <line number="16" hits="0" branch="False" />
                <line number="17" hits="0" branch="False" />
                <line number="18" hits="0" branch="False" />
              </lines>
            </method>
          </methods>
          <lines>
            <line number="8" hits="0" branch="False" />
            <line number="9" hits="0" branch="False" />
            <line number="10" hits="0" branch="False" />
            <line number="13" hits="0" branch="False" />
            <line number="14" hits="0" branch="False" />
            <line number="15" hits="0" branch="False" />
            <line number="16" hits="0" branch="False" />
            <line number="17" hits="0" branch="False" />
            <line number="18" hits="0" branch="False" />
          </lines>
        </class>
        <class name="Hartonomous.Core.Domain.Events.BPETokenCreatedEvent" filename="Domain\Events\BPETokenCreatedEvent.cs" line-rate="0" branch-rate="1" complexity="8">
          <methods>
            <method name="get_EventId" signature="()" line-rate="0" branch-rate="1" complexity="1">
              <lines>
                <line number="10" hits="0" branch="False" />
              </lines>
            </method>
            <method name="get_OccurredOn" signature="()" line-rate="0" branch-rate="1" complexity="1">
              <lines>
                <line number="11" hits="0" branch="False" />
              </lines>
            </method>
            <method name="get_TokenEntityId" signature="()" line-rate="0" branch-rate="1" complexity="1">
              <lines>
                <line number="12" hits="0" branch="False" />
              </lines>
            </method>
            <method name="get_TokenId" signature="()" line-rate="0" branch-rate="1" complexity="1">
              <lines>
                <line number="13" hits="0" branch="False" />
              </lines>
            </method>
            <method name="get_MergeLevel" signature="()" line-rate="0" branch-rate="1" complexity="1">
              <lines>
                <line number="14" hits="0" branch="False" />
              </lines>
            </method>
            <method name="get_Frequency" signature="()" line-rate="0" branch-rate="1" complexity="1">
              <lines>
                <line number="15" hits="0" branch="False" />
              </lines>
            </method>
            <method name="get_SequenceLength" signature="()" line-rate="0" branch-rate="1" complexity="1">
              <lines>
                <line number="16" hits="0" branch="False" />
              </lines>
            </method>
            <method name=".ctor" signature="(System.Guid,System.Int32,System.Int32,System.Int64,System.Int32)" line-rate="0" branch-rate="1" complexity="1">
              <lines>
                <line number="18" hits="0" branch="False" />
                <line number="19" hits="0" branch="False" />
                <line number="20" hits="0" branch="False" />
                <line number="21" hits="0" branch="False" />
                <line number="22" hits="0" branch="False" />
                <line number="23" hits="0" branch="False" />
                <line number="24" hits="0" branch="False" />
                <line number="25" hits="0" branch="False" />
                <line number="26" hits="0" branch="False" />
                <line number="27" hits="0" branch="False" />
                <line number="28" hits="0" branch="False" />
                <line number="29" hits="0" branch="False" />
                <line number="30" hits="0" branch="False" />
              </lines>
            </method>
          </methods>
          <lines>
            <line number="10" hits="0" branch="False" />
            <line number="11" hits="0" branch="False" />
            <line number="12" hits="0" branch="False" />
            <line number="13" hits="0" branch="False" />
            <line number="14" hits="0" branch="False" />
            <line number="15" hits="0" branch="False" />
            <line number="16" hits="0" branch="False" />
            <line number="18" hits="0" branch="False" />
            <line number="19" hits="0" branch="False" />
            <line number="20" hits="0" branch="False" />
            <line number="21" hits="0" branch="False" />
            <line number="22" hits="0" branch="False" />
            <line number="23" hits="0" branch="False" />
            <line number="24" hits="0" branch="False" />
            <line number="25" hits="0" branch="False" />
            <line number="26" hits="0" branch="False" />
            <line number="27" hits="0" branch="False" />
            <line number="28" hits="0" branch="False" />
            <line number="29" hits="0" branch="False" />
            <line number="30" hits="0" branch="False" />
          </lines>
        </class>
        <class name="Hartonomous.Core.Domain.Events.ConstantCreatedEvent" filename="Domain\Events\ConstantCreatedEvent.cs" line-rate="0" branch-rate="1" complexity="7">
          <methods>
            <method name="get_EventId" signature="()" line-rate="0" branch-rate="1" complexity="1">
              <lines>
                <line number="10" hits="0" branch="False" />
              </lines>
            </method>
            <method name="get_OccurredOn" signature="()" line-rate="0" branch-rate="1" complexity="1">
              <lines>
                <line number="11" hits="0" branch="False" />
              </lines>
            </method>
            <method name="get_ConstantId" signature="()" line-rate="0" branch-rate="1" complexity="1">
              <lines>
                <line number="12" hits="0" branch="False" />
              </lines>
            </method>
            <method name="get_Hash" signature="()" line-rate="0" branch-rate="1" complexity="1">
              <lines>
                <line number="13" hits="0" branch="False" />
              </lines>
            </method>
            <method name="get_Size" signature="()" line-rate="0" branch-rate="1" complexity="1">
              <lines>
                <line number="14" hits="0" branch="False" />
              </lines>
            </method>
            <method name="get_ContentType" signature="()" line-rate="0" branch-rate="1" complexity="1">
              <lines>
                <line number="15" hits="0" branch="False" />
              </lines>
            </method>
            <method name=".ctor" signature="(System.Guid,System.String,System.Int32,System.String)" line-rate="0" branch-rate="1" complexity="1">
              <lines>
                <line number="17" hits="0" branch="False" />
                <line number="18" hits="0" branch="False" />
                <line number="19" hits="0" branch="False" />
                <line number="20" hits="0" branch="False" />
                <line number="21" hits="0" branch="False" />
                <line number="22" hits="0" branch="False" />
                <line number="23" hits="0" branch="False" />
              </lines>
            </method>
          </methods>
          <lines>
            <line number="10" hits="0" branch="False" />
            <line number="11" hits="0" branch="False" />
            <line number="12" hits="0" branch="False" />
            <line number="13" hits="0" branch="False" />
            <line number="14" hits="0" branch="False" />
            <line number="15" hits="0" branch="False" />
            <line number="17" hits="0" branch="False" />
            <line number="18" hits="0" branch="False" />
            <line number="19" hits="0" branch="False" />
            <line number="20" hits="0" branch="False" />
            <line number="21" hits="0" branch="False" />
            <line number="22" hits="0" branch="False" />
            <line number="23" hits="0" branch="False" />
          </lines>
        </class>
        <class name="Hartonomous.Core.Domain.Events.ConstantDeduplicatedEvent" filename="Domain\Events\ConstantDeduplicatedEvent.cs" line-rate="0" branch-rate="1" complexity="5">
          <methods>
            <method name="get_EventId" signature="()" line-rate="0" branch-rate="1" complexity="1">
              <lines>
                <line number="10" hits="0" branch="False" />
              </lines>
            </method>
            <method name="get_OccurredOn" signature="()" line-rate="0" branch-rate="1" complexity="1">
              <lines>
                <line number="11" hits="0" branch="False" />
              </lines>
            </method>
            <method name="get_DuplicateConstantId" signature="()" line-rate="0" branch-rate="1" complexity="1">
              <lines>
                <line number="12" hits="0" branch="False" />
              </lines>
            </method>
            <method name="get_CanonicalConstantId" signature="()" line-rate="0" branch-rate="1" complexity="1">
              <lines>
                <line number="13" hits="0" branch="False" />
              </lines>
            </method>
            <method name=".ctor" signature="(System.Guid,System.Guid)" line-rate="0" branch-rate="1" complexity="1">
              <lines>
                <line number="15" hits="0" branch="False" />
                <line number="16" hits="0" branch="False" />
                <line number="17" hits="0" branch="False" />
                <line number="18" hits="0" branch="False" />
                <line number="19" hits="0" branch="False" />
              </lines>
            </method>
          </methods>
          <lines>
            <line number="10" hits="0" branch="False" />
            <line number="11" hits="0" branch="False" />
            <line number="12" hits="0" branch="False" />
            <line number="13" hits="0" branch="False" />
            <line number="15" hits="0" branch="False" />
            <line number="16" hits="0" branch="False" />
            <line number="17" hits="0" branch="False" />
            <line number="18" hits="0" branch="False" />
            <line number="19" hits="0" branch="False" />
          </lines>
        </class>
        <class name="Hartonomous.Core.Domain.Events.ConstantIndexedEvent" filename="Domain\Events\ConstantIndexedEvent.cs" line-rate="0" branch-rate="1" complexity="5">
          <methods>
            <method name="get_EventId" signature="()" line-rate="0" branch-rate="1" complexity="1">
              <lines>
                <line number="10" hits="0" branch="False" />
              </lines>
            </method>
            <method name="get_OccurredOn" signature="()" line-rate="0" branch-rate="1" complexity="1">
              <lines>
                <line number="11" hits="0" branch="False" />
              </lines>
            </method>
            <method name="get_ConstantId" signature="()" line-rate="0" branch-rate="1" complexity="1">
              <lines>
                <line number="12" hits="0" branch="False" />
              </lines>
            </method>
            <method name="get_HilbertIndex" signature="()" line-rate="0" branch-rate="1" complexity="1">
              <lines>
                <line number="13" hits="0" branch="False" />
              </lines>
            </method>
            <method name=".ctor" signature="(System.Guid,System.UInt64)" line-rate="0" branch-rate="1" complexity="1">
              <lines>
                <line number="15" hits="0" branch="False" />
                <line number="16" hits="0" branch="False" />
                <line number="17" hits="0" branch="False" />
                <line number="18" hits="0" branch="False" />
                <line number="19" hits="0" branch="False" />
              </lines>
            </method>
          </methods>
          <lines>
            <line number="10" hits="0" branch="False" />
            <line number="11" hits="0" branch="False" />
            <line number="12" hits="0" branch="False" />
            <line number="13" hits="0" branch="False" />
            <line number="15" hits="0" branch="False" />
            <line number="16" hits="0" branch="False" />
            <line number="17" hits="0" branch="False" />
            <line number="18" hits="0" branch="False" />
            <line number="19" hits="0" branch="False" />
          </lines>
        </class>
        <class name="Hartonomous.Core.Domain.Events.ConstantProjectedEvent" filename="Domain\Events\ConstantProjectedEvent.cs" line-rate="0" branch-rate="1" complexity="7">
          <methods>
            <method name="get_EventId" signature="()" line-rate="0" branch-rate="1" complexity="1">
              <lines>
                <line number="10" hits="0" branch="False" />
              </lines>
            </method>
            <method name="get_OccurredOn" signature="()" line-rate="0" branch-rate="1" complexity="1">
              <lines>
                <line number="11" hits="0" branch="False" />
              </lines>
            </method>
            <method name="get_ConstantId" signature="()" line-rate="0" branch-rate="1" complexity="1">
              <lines>
                <line number="12" hits="0" branch="False" />
              </lines>
            </method>
            <method name="get_X" signature="()" line-rate="0" branch-rate="1" complexity="1">
              <lines>
                <line number="13" hits="0" branch="False" />
              </lines>
            </method>
            <method name="get_Y" signature="()" line-rate="0" branch-rate="1" complexity="1">
              <lines>
                <line number="14" hits="0" branch="False" />
              </lines>
            </method>
            <method name="get_Z" signature="()" line-rate="0" branch-rate="1" complexity="1">
              <lines>
                <line number="15" hits="0" branch="False" />
              </lines>
            </method>
            <method name=".ctor" signature="(System.Guid,System.Double,System.Double,System.Double)" line-rate="0" branch-rate="1" complexity="1">
              <lines>
                <line number="17" hits="0" branch="False" />
                <line number="18" hits="0" branch="False" />
                <line number="19" hits="0" branch="False" />
                <line number="20" hits="0" branch="False" />
                <line number="21" hits="0" branch="False" />
                <line number="22" hits="0" branch="False" />
                <line number="23" hits="0" branch="False" />
              </lines>
            </method>
          </methods>
          <lines>
            <line number="10" hits="0" branch="False" />
            <line number="11" hits="0" branch="False" />
            <line number="12" hits="0" branch="False" />
            <line number="13" hits="0" branch="False" />
            <line number="14" hits="0" branch="False" />
            <line number="15" hits="0" branch="False" />
            <line number="17" hits="0" branch="False" />
            <line number="18" hits="0" branch="False" />
            <line number="19" hits="0" branch="False" />
            <line number="20" hits="0" branch="False" />
            <line number="21" hits="0" branch="False" />
            <line number="22" hits="0" branch="False" />
            <line number="23" hits="0" branch="False" />
          </lines>
        </class>
        <class name="Hartonomous.Core.Domain.Events.ContentIngestionCompletedEvent" filename="Domain\Events\ContentIngestionCompletedEvent.cs" line-rate="0" branch-rate="1" complexity="8">
          <methods>
            <method name="get_EventId" signature="()" line-rate="0" branch-rate="1" complexity="1">
              <lines>
                <line number="10" hits="0" branch="False" />
              </lines>
            </method>
            <method name="get_OccurredOn" signature="()" line-rate="0" branch-rate="1" complexity="1">
              <lines>
                <line number="11" hits="0" branch="False" />
              </lines>
            </method>
            <method name="get_IngestionId" signature="()" line-rate="0" branch-rate="1" complexity="1">
              <lines>
                <line number="12" hits="0" branch="False" />
              </lines>
            </method>
            <method name="get_ConstantCount" signature="()" line-rate="0" branch-rate="1" complexity="1">
              <lines>
                <line number="13" hits="0" branch="False" />
              </lines>
            </method>
            <method name="get_UniqueConstantCount" signature="()" line-rate="0" branch-rate="1" complexity="1">
              <lines>
                <line number="14" hits="0" branch="False" />
              </lines>
            </method>
            <method name="get_DeduplicationRatio" signature="()" line-rate="0" branch-rate="1" complexity="1">
              <lines>
                <line number="15" hits="0" branch="False" />
              </lines>
            </method>
            <method name="get_ProcessingTimeMs" signature="()" line-rate="0" branch-rate="1" complexity="1">
              <lines>
                <line number="16" hits="0" branch="False" />
              </lines>
            </method>
            <method name=".ctor" signature="(System.Guid,System.Int32,System.Int32,System.Double,System.Int64)" line-rate="0" branch-rate="1" complexity="1">
              <lines>
                <line number="18" hits="0" branch="False" />
                <line number="19" hits="0" branch="False" />
                <line number="20" hits="0" branch="False" />
                <line number="21" hits="0" branch="False" />
                <line number="22" hits="0" branch="False" />
                <line number="23" hits="0" branch="False" />
                <line number="24" hits="0" branch="False" />
                <line number="25" hits="0" branch="False" />
                <line number="26" hits="0" branch="False" />
                <line number="27" hits="0" branch="False" />
                <line number="28" hits="0" branch="False" />
                <line number="29" hits="0" branch="False" />
                <line number="30" hits="0" branch="False" />
              </lines>
            </method>
          </methods>
          <lines>
            <line number="10" hits="0" branch="False" />
            <line number="11" hits="0" branch="False" />
            <line number="12" hits="0" branch="False" />
            <line number="13" hits="0" branch="False" />
            <line number="14" hits="0" branch="False" />
            <line number="15" hits="0" branch="False" />
            <line number="16" hits="0" branch="False" />
            <line number="18" hits="0" branch="False" />
            <line number="19" hits="0" branch="False" />
            <line number="20" hits="0" branch="False" />
            <line number="21" hits="0" branch="False" />
            <line number="22" hits="0" branch="False" />
            <line number="23" hits="0" branch="False" />
            <line number="24" hits="0" branch="False" />
            <line number="25" hits="0" branch="False" />
            <line number="26" hits="0" branch="False" />
            <line number="27" hits="0" branch="False" />
            <line number="28" hits="0" branch="False" />
            <line number="29" hits="0" branch="False" />
            <line number="30" hits="0" branch="False" />
          </lines>
        </class>
        <class name="Hartonomous.Core.Domain.Entities.BPEToken" filename="Domain\Entities\BPEToken.cs" line-rate="0" branch-rate="0" complexity="46">
          <methods>
            <method name="get_TokenId" signature="()" line-rate="0" branch-rate="1" complexity="1">
              <lines>
                <line number="13" hits="0" branch="False" />
              </lines>
            </method>
            <method name="get_Hash" signature="()" line-rate="0" branch-rate="1" complexity="1">
              <lines>
                <line number="16" hits="0" branch="False" />
              </lines>
            </method>
            <method name="get_ConstantSequence" signature="()" line-rate="0" branch-rate="1" complexity="1">
              <lines>
                <line number="19" hits="0" branch="False" />
              </lines>
            </method>
            <method name="get_TotalSize" signature="()" line-rate="0" branch-rate="1" complexity="1">
              <lines>
                <line number="22" hits="0" branch="False" />
              </lines>
            </method>
            <method name="get_SequenceLength" signature="()" line-rate="0" branch-rate="1" complexity="1">
              <lines>
                <line number="25" hits="0" branch="False" />
              </lines>
            </method>
            <method name="get_Frequency" signature="()" line-rate="0" branch-rate="1" complexity="1">
              <lines>
                <line number="28" hits="0" branch="False" />
              </lines>
            </method>
            <method name="get_MergeLevel" signature="()" line-rate="0" branch-rate="1" complexity="1">
              <lines>
                <line number="31" hits="0" branch="False" />
              </lines>
            </method>
            <method name="get_ParentTokenIds" signature="()" line-rate="0" branch-rate="1" complexity="1">
              <lines>
                <line number="34" hits="0" branch="False" />
              </lines>
            </method>
            <method name="get_IsActive" signature="()" line-rate="0" branch-rate="1" complexity="1">
              <lines>
                <line number="37" hits="0" branch="False" />
              </lines>
            </method>
            <method name="get_CompressionRatio" signature="()" line-rate="0" branch-rate="1" complexity="1">
              <lines>
                <line number="40" hits="0" branch="False" />
              </lines>
            </method>
            <method name="get_LastUsedAt" signature="()" line-rate="0" branch-rate="1" complexity="1">
              <lines>
                <line number="43" hits="0" branch="False" />
              </lines>
            </method>
            <method name="get_VocabularyRank" signature="()" line-rate="0" branch-rate="1" complexity="1">
              <lines>
                <line number="46" hits="0" branch="False" />
              </lines>
            </method>
            <method name="get_Constants" signature="()" line-rate="0" branch-rate="1" complexity="1">
              <lines>
                <line number="49" hits="0" branch="False" />
              </lines>
            </method>
            <method name="CreateFromSingleConstant" signature="(System.Int32,Hartonomous.Core.Domain.Entities.Constant)" line-rate="0" branch-rate="0" complexity="4">
              <lines>
                <line number="54" hits="0" branch="False" />
                <line number="55" hits="0" branch="True" condition-coverage="0% (0/2)">
                  <conditions>
                    <condition number="7" type="jump" coverage="0%" />
                  </conditions>
                </line>
                <line number="56" hits="0" branch="False" />
                <line number="57" hits="0" branch="False" />
                <line number="60" hits="0" branch="True" condition-coverage="0% (0/2)">
                  <conditions>
                    <condition number="27" type="jump" coverage="0%" />
                  </conditions>
                </line>
                <line number="61" hits="0" branch="False" />
                <line number="62" hits="0" branch="False" />
                <line number="65" hits="0" branch="False" />
                <line number="67" hits="0" branch="False" />
                <line number="68" hits="0" branch="False" />
                <line number="69" hits="0" branch="False" />
                <line number="70" hits="0" branch="False" />
                <line number="71" hits="0" branch="False" />
                <line number="72" hits="0" branch="False" />
                <line number="73" hits="0" branch="False" />
                <line number="74" hits="0" branch="False" />
                <line number="75" hits="0" branch="False" />
                <line number="76" hits="0" branch="False" />
                <line number="77" hits="0" branch="False" />
                <line number="78" hits="0" branch="False" />
                <line number="79" hits="0" branch="False" />
                <line number="80" hits="0" branch="False" />
                <line number="81" hits="0" branch="False" />
                <line number="82" hits="0" branch="False" />
                <line number="83" hits="0" branch="False" />
                <line number="85" hits="0" branch="False" />
                <line number="87" hits="0" branch="False" />
                <line number="88" hits="0" branch="False" />
[...]
          </lines>
        </class>
        <class name="Hartonomous.Core.Application.Commands.BPETokens.LearnBPEVocabularyCommand" filename="Application\Commands\BPETokens\LearnBPEVocabularyCommand.cs" line-rate="0" branch-rate="1" complexity="4">
          <methods>
            <method name="get_MaxVocabSize" signature="()" line-rate="0" branch-rate="1" complexity="1">
              <lines>
                <line number="10" hits="0" branch="False" />
              </lines>
            </method>
            <method name="get_MinFrequency" signature="()" line-rate="0" branch-rate="1" complexity="1">
              <lines>
                <line number="11" hits="0" branch="False" />
              </lines>
            </method>
            <method name="get_SampleSize" signature="()" line-rate="0" branch-rate="1" complexity="1">
              <lines>
                <line number="12" hits="0" branch="False" />
              </lines>
            </method>
            <method name="get_UseGpu" signature="()" line-rate="0" branch-rate="1" complexity="1">
              <lines>
                <line number="13" hits="0" branch="False" />
              </lines>
            </method>
          </methods>
          <lines>
            <line number="10" hits="0" branch="False" />
            <line number="11" hits="0" branch="False" />
            <line number="12" hits="0" branch="False" />
            <line number="13" hits="0" branch="False" />
          </lines>
        </class>
        <class name="Hartonomous.Core.Application.Commands.BPETokens.LearnBPEVocabularyCommandResult" filename="Application\Commands\BPETokens\LearnBPEVocabularyCommand.cs" line-rate="0" branch-rate="1" complexity="4">
          <methods>
            <method name="get_TokensLearned" signature="()" line-rate="0" branch-rate="1" complexity="1">
              <lines>
                <line number="21" hits="0" branch="False" />
              </lines>
            </method>
            <method name="get_TotalPairsAnalyzed" signature="()" line-rate="0" branch-rate="1" complexity="1">
              <lines>
                <line number="22" hits="0" branch="False" />
              </lines>
            </method>
            <method name="get_ProcessingTimeMs" signature="()" line-rate="0" branch-rate="1" complexity="1">
              <lines>
                <line number="23" hits="0" branch="False" />
              </lines>
            </method>
            <method name="get_UsedGpu" signature="()" line-rate="0" branch-rate="1" complexity="1">
              <lines>
                <line number="24" hits="0" branch="False" />
              </lines>
            </method>
          </methods>
          <lines>
            <line number="21" hits="0" branch="False" />
            <line number="22" hits="0" branch="False" />
            <line number="23" hits="0" branch="False" />
            <line number="24" hits="0" branch="False" />
          </lines>
        </class>
        <class name="Hartonomous.Core.Application.Commands.BPETokens.MergeBPETokensCommand" filename="Application\Commands\BPETokens\MergeBPETokensCommand.cs" line-rate="0" branch-rate="1" complexity="1">
          <methods>
            <method name="get_ConstantSequence" signature="()" line-rate="0" branch-rate="1" complexity="1">
              <lines>
                <line number="10" hits="0" branch="False" />
              </lines>
            </method>
          </methods>
          <lines>
            <line number="10" hits="0" branch="False" />
          </lines>
        </class>
        <class name="Hartonomous.Core.Application.Commands.BPETokens.MergeBPETokensResponse" filename="Application\Commands\BPETokens\MergeBPETokensCommand.cs" line-rate="0" branch-rate="1" complexity="4">
          <methods>
            <method name="get_TokenId" signature="()" line-rate="0" branch-rate="1" complexity="1">
              <lines>
                <line number="15" hits="0" branch="False" />
              </lines>
            </method>
            <method name="get_TokenHash" signature="()" line-rate="0" branch-rate="1" complexity="1">
              <lines>
                <line number="16" hits="0" branch="False" />
              </lines>
            </method>
            <method name="get_MergeLevel" signature="()" line-rate="0" branch-rate="1" complexity="1">
              <lines>
                <line number="17" hits="0" branch="False" />
              </lines>
            </method>
            <method name="get_SequenceLength" signature="()" line-rate="0" branch-rate="1" complexity="1">
              <lines>
                <line number="18" hits="0" branch="False" />
              </lines>
            </method>
          </methods>
          <lines>
            <line number="15" hits="0" branch="False" />
            <line number="16" hits="0" branch="False" />
            <line number="17" hits="0" branch="False" />
            <line number="18" hits="0" branch="False" />
          </lines>
        </class>
        <class name="Hartonomous.Core.Application.Commands.BPETokens.MergeBPETokensCommandHandler" filename="Application\Commands\BPETokens\MergeBPETokensCommandHandler.cs" line-rate="0" branch-rate="1" complexity="1">
          <methods>
            <method name=".ctor" signature="(Hartonomous.Core.Application.Interfaces.IBPETokenRepository,Hartonomous.Core.Application.Interfaces.IConstantRepository,Hartonomous.Core.Application.Interfaces.IUnitOfWork)" line-rate="0" branch-rate="1" complexity="1">
              <lines>
                <line number="16" hits="0" branch="False" />
                <line number="17" hits="0" branch="False" />
                <line number="18" hits="0" branch="False" />
                <line number="19" hits="0" branch="False" />
                <line number="20" hits="0" branch="False" />
                <line number="21" hits="0" branch="False" />
                <line number="22" hits="0" branch="False" />
                <line number="23" hits="0" branch="False" />
                <line number="24" hits="0" branch="False" />
              </lines>
            </method>
          </methods>
          <lines>
            <line number="16" hits="0" branch="False" />
            <line number="17" hits="0" branch="False" />
            <line number="18" hits="0" branch="False" />
            <line number="19" hits="0" branch="False" />
            <line number="20" hits="0" branch="False" />
            <line number="21" hits="0" branch="False" />
            <line number="22" hits="0" branch="False" />
            <line number="23" hits="0" branch="False" />
            <line number="24" hits="0" branch="False" />
          </lines>
        </class>
        <class name="Hartonomous.Core.Application.Commands.BPETokens.MergeBPETokensCommandHandler/&lt;&gt;c" filename="Application\Commands\BPETokens\MergeBPETokensCommandHandler.cs" line-rate="0" branch-rate="1" complexity="1">
          <methods>
            <method name="&lt;Handle&gt;b__4_0" signature="(Hartonomous.Core.Domain.Entities.Constant)" line-rate="0" branch-rate="1" complexity="1">
              <lines>
                <line number="42" hits="0" branch="False" />
              </lines>
            </method>
          </methods>
          <lines>
            <line number="42" hits="0" branch="False" />
          </lines>
        </class>
        <class name="Hartonomous.Core.Application.Commands.BPETokens.MergeBPETokensCommandHandler/&lt;Handle&gt;d__4" filename="Application\Commands\BPETokens\MergeBPETokensCommandHandler.cs" line-rate="0" branch-rate="0" complexity="8">
          <methods>
            <method name="MoveNext" signature="()" line-rate="0" branch-rate="0" complexity="8">
              <lines>
                <line number="27" hits="0" branch="True" condition-coverage="0% (0/2)">
                  <conditions>
                    <condition number="16" type="jump" coverage="0%" />
                  </conditions>
                </line>
                <line number="29" hits="0" branch="False" />
                <line number="30" hits="0" branch="True" condition-coverage="0% (0/2)">
                  <conditions>
                    <condition number="356" type="jump" coverage="0%" />
                  </conditions>
                </line>
                <line number="31" hits="0" branch="False" />
                <line number="32" hits="0" branch="False" />
                <line number="33" hits="0" branch="True" condition-coverage="0% (0/2)">
                  <conditions>
                    <condition number="248" type="jump" coverage="0%" />
                  </conditions>
                </line>
                <line number="34" hits="0" branch="False" />
                <line number="35" hits="0" branch="False" />
                <line number="37" hits="0" branch="False" />
                <line number="38" hits="0" branch="False" />
                <line number="41" hits="0" branch="False" />
                <line number="43" hits="0" branch="False" />
                <line number="44" hits="0" branch="False" />
                <line number="47" hits="0" branch="False" />
                <line number="48" hits="0" branch="True" condition-coverage="0% (0/2)">
                  <conditions>
                    <condition number="716" type="jump" coverage="0%" />
                  </conditions>
                </line>
                <line number="49" hits="0" branch="False" />
                <line number="51" hits="0" branch="False" />
                <line number="52" hits="0" branch="False" />
                <line number="54" hits="0" branch="False" />
                <line number="55" hits="0" branch="False" />
                <line number="56" hits="0" branch="False" />
                <line number="57" hits="0" branch="False" />
                <line number="58" hits="0" branch="False" />
                <line number="59" hits="0" branch="False" />
                <line number="60" hits="0" branch="False" />
                <line number="64" hits="0" branch="False" />
                <line number="68" hits="0" branch="False" />
                <line number="71" hits="0" branch="False" />
                <line number="72" hits="0" branch="False" />
                <line number="73" hits="0" branch="False" />
                <line number="74" hits="0" branch="False" />
                <line number="75" hits="0" branch="False" />
                <line number="76" hits="0" branch="False" />
                <line number="77" hits="0" branch="False" />
                <line number="79" hits="0" branch="False" />
                <line number="80" hits="0" branch="False" />
                <line number="82" hits="0" branch="False" />
                <line number="83" hits="0" branch="False" />
                <line number="84" hits="0" branch="False" />
                <line number="85" hits="0" branch="False" />
                <line number="86" hits="0" branch="False" />
                <line number="87" hits="0" branch="False" />
                <line number="88" hits="0" branch="False" />
                <line number="89" hits="0" branch="False" />
              </lines>
            </method>
          </methods>
          <lines>
            <line number="27" hits="0" branch="True" condition-coverage="0% (0/2)">
              <conditions>
                <condition number="16" type="jump" coverage="0%" />
              </conditions>
            </line>
            <line number="29" hits="0" branch="False" />
            <line number="30" hits="0" branch="True" condition-coverage="0% (0/2)">
              <conditions>
                <condition number="356" type="jump" coverage="0%" />
              </conditions>
            </line>
            <line number="31" hits="0" branch="False" />
            <line number="32" hits="0" branch="False" />
            <line number="33" hits="0" branch="True" condition-coverage="0% (0/2)">
              <conditions>
                <condition number="248" type="jump" coverage="0%" />
              </conditions>
            </line>
            <line number="34" hits="0" branch="False" />
            <line number="35" hits="0" branch="False" />
            <line number="37" hits="0" branch="False" />
            <line number="38" hits="0" branch="False" />
            <line number="41" hits="0" branch="False" />
            <line number="43" hits="0" branch="False" />
            <line number="44" hits="0" branch="False" />
            <line number="47" hits="0" branch="False" />
            <line number="48" hits="0" branch="True" condition-coverage="0% (0/2)">
              <conditions>
                <condition number="716" type="jump" coverage="0%" />
              </conditions>
            </line>
            <line number="49" hits="0" branch="False" />
            <line number="51" hits="0" branch="False" />
            <line number="52" hits="0" branch="False" />
            <line number="54" hits="0" branch="False" />
            <line number="55" hits="0" branch="False" />
            <line number="56" hits="0" branch="False" />
            <line number="57" hits="0" branch="False" />
            <line number="58" hits="0" branch="False" />
            <line number="59" hits="0" branch="False" />
            <line number="60" hits="0" branch="False" />
            <line number="64" hits="0" branch="False" />
            <line number="68" hits="0" branch="False" />
            <line number="71" hits="0" branch="False" />
            <line number="72" hits="0" branch="False" />
            <line number="73" hits="0" branch="False" />
            <line number="74" hits="0" branch="False" />
            <line number="75" hits="0" branch="False" />
            <line number="76" hits="0" branch="False" />
            <line number="77" hits="0" branch="False" />
            <line number="79" hits="0" branch="False" />
            <line number="80" hits="0" branch="False" />
            <line number="82" hits="0" branch="False" />
            <line number="83" hits="0" branch="False" />
            <line number="84" hits="0" branch="False" />
            <line number="85" hits="0" branch="False" />
            <line number="86" hits="0" branch="False" />
            <line number="87" hits="0" branch="False" />
            <line number="88" hits="0" branch="False" />
            <line number="89" hits="0" branch="False" />
          </lines>
        </class>
        <class name="Hartonomous.Core.Application.Commands.BPETokens.MergeBPETokensCommandValidator" filename="Application\Commands\BPETokens\MergeBPETokensCommandValidator.cs" line-rate="0" branch-rate="0" complexity="2">
          <methods>
            <method name=".ctor" signature="()" line-rate="0" branch-rate="0" complexity="2">
              <lines>
                <line number="7" hits="0" branch="False" />
                <line number="8" hits="0" branch="False" />
                <line number="9" hits="0" branch="False" />
                <line number="10" hits="0" branch="False" />
                <line number="11" hits="0" branch="False" />
                <line number="12" hits="0" branch="False" />
                <line number="13" hits="0" branch="False" />
                <line number="14" hits="0" branch="False" />
                <line number="15" hits="0" branch="False" />
                <line number="16" hits="0" branch="True" condition-coverage="0% (0/2)">
                  <conditions>
                    <condition number="17" type="jump" coverage="0%" />
                  </conditions>
                </line>
                <line number="17" hits="0" branch="False" />
                <line number="18" hits="0" branch="False" />
              </lines>
            </method>
          </methods>
          <lines>
            <line number="7" hits="0" branch="False" />
            <line number="8" hits="0" branch="False" />
            <line number="9" hits="0" branch="False" />
            <line number="10" hits="0" branch="False" />
            <line number="11" hits="0" branch="False" />
            <line number="12" hits="0" branch="False" />
            <line number="13" hits="0" branch="False" />
            <line number="14" hits="0" branch="False" />
            <line number="15" hits="0" branch="False" />
            <line number="16" hits="0" branch="True" condition-coverage="0% (0/2)">
              <conditions>
                <condition number="17" type="jump" coverage="0%" />
              </conditions>
            </line>
            <line number="17" hits="0" branch="False" />
            <line number="18" hits="0" branch="False" />
          </lines>
        </class>
        <class name="Hartonomous.Core.Application.Commands.BPETokens.MergeBytePairCommand" filename="Application\Commands\BPETokens\MergeBytePairCommand.cs" line-rate="0" branch-rate="1" complexity="4">
          <methods>
            <method name="get_FirstByte" signature="()" line-rate="0" branch-rate="1" complexity="1">
              <lines>
                <line number="10" hits="0" branch="False" />
              </lines>
            </method>
            <method name="get_SecondByte" signature="()" line-rate="0" branch-rate="1" complexity="1">
              <lines>
                <line number="11" hits="0" branch="False" />
              </lines>
            </method>
            <method name="get_MergeLevel" signature="()" line-rate="0" branch-rate="1" complexity="1">
              <lines>
                <line number="12" hits="0" branch="False" />
              </lines>
            </method>
            <method name="get_Frequency" signature="()" line-rate="0" branch-rate="1" complexity="1">
              <lines>
                <line number="13" hits="0" branch="False" />
              </lines>
            </method>
          </methods>
          <lines>
            <line number="10" hits="0" branch="False" />
            <line number="11" hits="0" branch="False" />
            <line number="12" hits="0" branch="False" />
            <line number="13" hits="0" branch="False" />
          </lines>
        </class>
        <class name="Hartonomous.Core.Application.Commands.BPETokens.MergeBytePairCommandResult" filename="Application\Commands\BPETokens\MergeBytePairCommand.cs" line-rate="0" branch-rate="1" complexity="5">
          <methods>
            <method name="get_TokenId" signature="()" line-rate="0" branch-rate="1" complexity="1">
              <lines>
                <line number="21" hits="0" branch="False" />
              </lines>
            </method>
            <method name="get_FirstByte" signature="()" line-rate="0" branch-rate="1" complexity="1">
              <lines>
                <line number="22" hits="0" branch="False" />
              </lines>
            </method>
            <method name="get_SecondByte" signature="()" line-rate="0" branch-rate="1" complexity="1">
              <lines>
                <line number="23" hits="0" branch="False" />
              </lines>
            </method>
            <method name="get_MergeLevel" signature="()" line-rate="0" branch-rate="1" complexity="1">
              <lines>
                <line number="24" hits="0" branch="False" />
              </lines>
            </method>
            <method name="get_Frequency" signature="()" line-rate="0" branch-rate="1" complexity="1">
              <lines>
                <line number="25" hits="0" branch="False" />
              </lines>
            </method>
          </methods>
          <lines>
            <line number="21" hits="0" branch="False" />
            <line number="22" hits="0" branch="False" />
            <line number="23" hits="0" branch="False" />
            <line number="24" hits="0" branch="False" />
            <line number="25" hits="0" branch="False" />
          </lines>
        </class>
      </classes>
    </package>
  </packages>
</coverage>